{"contracts/core/CLMSRMarketCore.sol":{"l":{"74":0,"75":0,"77":0,"82":0,"83":0,"85":0,"90":0,"91":0,"93":0,"98":0,"99":0,"101":0,"117":0,"120":0,"123":0,"124":0,"125":0,"143":0,"144":0,"147":0,"148":0,"151":0,"152":0,"155":0,"157":0,"163":0,"174":0,"178":0,"184":0,"186":0,"187":0,"190":0,"191":0,"195":0,"196":0,"197":0,"201":0,"210":0,"215":0,"231":0,"232":0,"234":0,"240":0,"241":0,"242":0,"244":0,"249":0,"254":0,"259":0,"264":0,"269":0,"278":0,"283":0,"288":0,"289":0,"294":0,"295":0,"305":0,"306":0,"308":0,"309":0,"311":0,"312":0,"325":0,"326":0,"329":0,"330":0,"333":0,"334":0,"335":0,"338":0,"339":0,"343":0,"344":0,"347":0,"349":0,"350":0,"353":0,"354":0,"358":0,"365":0,"366":0,"370":0,"371":0,"372":0,"373":0,"374":0,"376":0,"377":0,"382":0,"385":0,"394":0,"396":0,"414":0,"415":0,"417":0,"418":0,"419":0,"423":0,"424":0,"427":0,"429":0,"430":0,"434":0,"435":0,"436":0,"438":0,"439":0,"440":0,"442":0,"446":0,"448":0,"450":0,"451":0,"455":0,"456":0,"457":0,"458":0,"459":0,"461":0,"462":0,"467":0,"475":0,"476":0,"480":0,"489":0,"492":0,"494":0,"498":0,"499":0,"507":0,"508":0,"510":0,"511":0,"512":0,"516":0,"517":0,"520":0,"522":0,"523":0,"527":0,"530":0,"538":0,"539":0,"543":0,"545":0,"553":0,"554":0,"556":0,"557":0,"558":0,"562":0,"565":0,"566":0,"570":0,"572":0,"586":0,"594":0,"601":0,"608":0,"623":0,"624":0,"625":0,"626":0,"628":0,"630":0,"633":0,"634":0,"637":0,"639":0,"640":0,"641":0,"642":0,"643":0,"647":0,"648":0,"649":0,"650":0,"652":0,"653":0,"658":0,"659":0,"662":0,"663":0,"666":0,"667":0,"668":0,"669":0,"672":0,"673":0,"674":0,"677":0,"690":0,"693":0,"694":0,"697":0,"698":0,"701":0,"702":0,"704":0,"705":0,"708":0,"709":0,"712":0,"713":0,"714":0,"723":0,"725":0,"727":0,"735":0,"736":0,"754":0,"755":0,"756":0,"757":0,"759":0,"761":0,"764":0,"765":0,"768":0,"769":0,"773":0,"774":0,"775":0,"776":0,"778":0,"779":0,"784":0,"785":0,"786":0,"789":0,"790":0,"793":0,"796":0,"797":0,"798":0,"799":0,"803":0,"804":0,"805":0,"808":0,"821":0,"824":0,"825":0,"826":0,"829":0,"830":0,"833":0,"836":0,"837":0,"841":0,"842":0,"845":0,"846":0,"847":0,"852":0,"854":0,"864":0,"865":0,"867":0,"868":0,"872":0,"875":0,"878":0,"890":0,"893":0,"904":0,"907":0,"929":0,"931":0,"933":0,"934":0,"936":0,"938":0,"942":0,"944":0,"947":0,"949":0,"950":0,"954":0,"955":0,"957":0,"959":0,"963":0,"965":0,"967":0},"path":"/Users/whworjs/WebstormProjects/signals-v0/contracts/core/CLMSRMarketCore.sol","s":{"1":0,"2":0,"3":0,"4":0,"5":0,"6":0,"7":0,"8":0,"9":0,"10":0,"11":0,"12":0,"13":0,"14":0,"15":0,"16":0,"17":0,"18":0,"19":0,"20":0,"21":0,"22":0,"23":0,"24":0,"25":0,"26":0,"27":0,"28":0,"29":0,"30":0,"31":0,"32":0,"33":0,"34":0,"35":0,"36":0,"37":0,"38":0,"39":0,"40":0,"41":0,"42":0,"43":0,"44":0,"45":0,"46":0,"47":0,"48":0,"49":0,"50":0,"51":0,"52":0,"53":0,"54":0,"55":0,"56":0,"57":0,"58":0,"59":0,"60":0,"61":0,"62":0,"63":0,"64":0,"65":0,"66":0,"67":0,"68":0,"69":0,"70":0,"71":0,"72":0,"73":0,"74":0,"75":0,"76":0,"77":0,"78":0,"79":0,"80":0,"81":0,"82":0,"83":0,"84":0,"85":0,"86":0,"87":0,"88":0,"89":0,"90":0,"91":0,"92":0,"93":0,"94":0,"95":0,"96":0,"97":0,"98":0,"99":0,"100":0,"101":0,"102":0,"103":0,"104":0,"105":0,"106":0,"107":0,"108":0,"109":0,"110":0,"111":0,"112":0,"113":0,"114":0,"115":0,"116":0,"117":0,"118":0,"119":0,"120":0,"121":0,"122":0,"123":0,"124":0,"125":0,"126":0,"127":0,"128":0,"129":0,"130":0,"131":0,"132":0,"133":0,"134":0,"135":0,"136":0,"137":0,"138":0,"139":0,"140":0,"141":0,"142":0,"143":0,"144":0,"145":0,"146":0,"147":0,"148":0,"149":0,"150":0,"151":0,"152":0,"153":0,"154":0,"155":0,"156":0,"157":0,"158":0,"159":0,"160":0,"161":0,"162":0,"163":0,"164":0,"165":0,"166":0,"167":0,"168":0,"169":0,"170":0,"171":0,"172":0,"173":0,"174":0,"175":0,"176":0,"177":0,"178":0,"179":0,"180":0,"181":0,"182":0,"183":0,"184":0,"185":0,"186":0,"187":0,"188":0,"189":0,"190":0,"191":0,"192":0,"193":0,"194":0,"195":0,"196":0,"197":0,"198":0,"199":0,"200":0,"201":0,"202":0,"203":0,"204":0,"205":0,"206":0,"207":0,"208":0,"209":0,"210":0,"211":0},"b":{"1":[0,0],"2":[0,0],"3":[0,0],"4":[0,0],"5":[0,0],"6":[0,0],"7":[0,0],"8":[0,0],"9":[0,0],"10":[0,0],"11":[0,0],"12":[0,0],"13":[0,0],"14":[0,0],"15":[0,0],"16":[0,0],"17":[0,0],"18":[0,0],"19":[0,0],"20":[0,0],"21":[0,0],"22":[0,0],"23":[0,0],"24":[0,0],"25":[0,0],"26":[0,0],"27":[0,0],"28":[0,0],"29":[0,0],"30":[0,0],"31":[0,0],"32":[0,0],"33":[0,0],"34":[0,0],"35":[0,0],"36":[0,0],"37":[0,0],"38":[0,0],"39":[0,0],"40":[0,0],"41":[0,0],"42":[0,0],"43":[0,0],"44":[0,0],"45":[0,0],"46":[0,0],"47":[0,0],"48":[0,0],"49":[0,0],"50":[0,0],"51":[0,0],"52":[0,0],"53":[0,0],"54":[0,0],"55":[0,0],"56":[0,0],"57":[0,0],"58":[0,0],"59":[0,0],"60":[0,0],"61":[0,0],"62":[0,0],"63":[0,0],"64":[0,0],"65":[0,0],"66":[0,0],"67":[0,0],"68":[0,0],"69":[0,0],"70":[0,0],"71":[0,0],"72":[0,0],"73":[0,0],"74":[0,0],"75":[0,0],"76":[0,0],"77":[0,0],"78":[0,0],"79":[0,0],"80":[0,0],"81":[0,0],"82":[0,0],"83":[0,0],"84":[0,0],"85":[0,0],"86":[0,0],"87":[0,0],"88":[0,0],"89":[0,0],"90":[0,0],"91":[0,0],"92":[0,0],"93":[0,0],"94":[0,0],"95":[0,0],"96":[0,0]},"f":{"1":0,"2":0,"3":0,"4":0,"5":0,"6":0,"7":0,"8":0,"9":0,"10":0,"11":0,"12":0,"13":0,"14":0,"15":0,"16":0,"17":0,"18":0,"19":0,"20":0,"21":0,"22":0,"23":0,"24":0,"25":0,"26":0,"27":0,"28":0,"29":0,"30":0,"31":0,"32":0,"33":0,"34":0,"35":0,"36":0,"37":0,"38":0,"39":0},"fnMap":{"1":{"name":"onlyManager","line":73,"loc":{"start":{"line":73,"column":4},"end":{"line":78,"column":4}}},"2":{"name":"onlyAuthorized","line":81,"loc":{"start":{"line":81,"column":4},"end":{"line":86,"column":4}}},"3":{"name":"whenNotPaused","line":89,"loc":{"start":{"line":89,"column":4},"end":{"line":94,"column":4}}},"4":{"name":"marketExists","line":97,"loc":{"start":{"line":97,"column":4},"end":{"line":102,"column":4}}},"5":{"name":"constructor","line":112,"loc":{"start":{"line":112,"column":4},"end":{"line":128,"column":4}}},"6":{"name":"createMarket","line":141,"loc":{"start":{"line":135,"column":4},"end":{"line":179,"column":4}}},"7":{"name":"settleMarket","line":183,"loc":{"start":{"line":182,"column":4},"end":{"line":202,"column":4}}},"8":{"name":"_marketExists","line":209,"loc":{"start":{"line":209,"column":4},"end":{"line":211,"column":4}}},"9":{"name":"_isAuthorizedCaller","line":214,"loc":{"start":{"line":214,"column":4},"end":{"line":218,"column":4}}},"10":{"name":"getMarket","line":229,"loc":{"start":{"line":229,"column":4},"end":{"line":235,"column":4}}},"11":{"name":"getTickValue","line":239,"loc":{"start":{"line":238,"column":4},"end":{"line":245,"column":4}}},"12":{"name":"getPositionContract","line":248,"loc":{"start":{"line":248,"column":4},"end":{"line":250,"column":4}}},"13":{"name":"getPaymentToken","line":253,"loc":{"start":{"line":253,"column":4},"end":{"line":255,"column":4}}},"14":{"name":"isAuthorizedCaller","line":258,"loc":{"start":{"line":258,"column":4},"end":{"line":260,"column":4}}},"15":{"name":"getManagerContract","line":263,"loc":{"start":{"line":263,"column":4},"end":{"line":265,"column":4}}},"16":{"name":"getRouterContract","line":268,"loc":{"start":{"line":268,"column":4},"end":{"line":270,"column":4}}},"17":{"name":"pause","line":277,"loc":{"start":{"line":277,"column":4},"end":{"line":279,"column":4}}},"18":{"name":"unpause","line":282,"loc":{"start":{"line":282,"column":4},"end":{"line":284,"column":4}}},"19":{"name":"_pause","line":287,"loc":{"start":{"line":287,"column":4},"end":{"line":290,"column":4}}},"20":{"name":"_unpause","line":293,"loc":{"start":{"line":293,"column":4},"end":{"line":296,"column":4}}},"21":{"name":"setRouterContract","line":304,"loc":{"start":{"line":304,"column":4},"end":{"line":313,"column":4}}},"22":{"name":"executeTradeRange","line":323,"loc":{"start":{"line":320,"column":4},"end":{"line":405,"column":4}}},"23":{"name":"executePositionAdjust","line":412,"loc":{"start":{"line":408,"column":4},"end":{"line":500,"column":4}}},"24":{"name":"executePositionClose","line":505,"loc":{"start":{"line":503,"column":4},"end":{"line":546,"column":4}}},"25":{"name":"executePositionClaim","line":551,"loc":{"start":{"line":549,"column":4},"end":{"line":573,"column":4}}},"26":{"name":"calculateTradeCost","line":585,"loc":{"start":{"line":580,"column":4},"end":{"line":587,"column":4}}},"27":{"name":"calculateAdjustCost","line":590,"loc":{"start":{"line":590,"column":4},"end":{"line":595,"column":4}}},"28":{"name":"calculateCloseProceeds","line":598,"loc":{"start":{"line":598,"column":4},"end":{"line":602,"column":4}}},"29":{"name":"calculateClaimAmount","line":605,"loc":{"start":{"line":605,"column":4},"end":{"line":609,"column":4}}},"30":{"name":"_calculateTradeCostInternal","line":617,"loc":{"start":{"line":617,"column":4},"end":{"line":679,"column":4}}},"31":{"name":"_calculateSingleTradeCost","line":682,"loc":{"start":{"line":682,"column":4},"end":{"line":716,"column":4}}},"32":{"name":"_calculateAdjustCostInternal","line":719,"loc":{"start":{"line":719,"column":4},"end":{"line":743,"column":4}}},"33":{"name":"_calculateSellProceeds","line":748,"loc":{"start":{"line":748,"column":4},"end":{"line":810,"column":4}}},"34":{"name":"_calculateSingleSellProceeds","line":813,"loc":{"start":{"line":813,"column":4},"end":{"line":848,"column":4}}},"35":{"name":"_calculateCloseProceeds","line":851,"loc":{"start":{"line":851,"column":4},"end":{"line":860,"column":4}}},"36":{"name":"_calculateClaimAmount","line":863,"loc":{"start":{"line":863,"column":4},"end":{"line":880,"column":4}}},"37":{"name":"_updateMarketForTrade","line":884,"loc":{"start":{"line":884,"column":4},"end":{"line":894,"column":4}}},"38":{"name":"_updateMarketForSell","line":898,"loc":{"start":{"line":898,"column":4},"end":{"line":908,"column":4}}},"39":{"name":"_applyFactorWithChunkSplit","line":918,"loc":{"start":{"line":918,"column":4},"end":{"line":970,"column":4}}}},"statementMap":{"1":{"start":{"line":74,"column":8},"end":{"line":74,"column":2582}},"2":{"start":{"line":82,"column":8},"end":{"line":82,"column":2810}},"3":{"start":{"line":90,"column":8},"end":{"line":90,"column":3016}},"4":{"start":{"line":98,"column":8},"end":{"line":98,"column":3189}},"5":{"start":{"line":117,"column":8},"end":{"line":117,"column":3749}},"6":{"start":{"line":143,"column":8},"end":{"line":143,"column":4628}},"7":{"start":{"line":147,"column":8},"end":{"line":147,"column":4736}},"8":{"start":{"line":151,"column":8},"end":{"line":151,"column":4884}},"9":{"start":{"line":155,"column":8},"end":{"line":155,"column":5015}},"10":{"start":{"line":174,"column":8},"end":{"line":174,"column":64}},"11":{"start":{"line":178,"column":8},"end":{"line":178,"column":97}},"12":{"start":{"line":184,"column":8},"end":{"line":184,"column":49}},"13":{"start":{"line":186,"column":8},"end":{"line":186,"column":6192}},"14":{"start":{"line":190,"column":8},"end":{"line":190,"column":6292}},"15":{"start":{"line":201,"column":8},"end":{"line":201,"column":49}},"16":{"start":{"line":210,"column":8},"end":{"line":210,"column":46}},"17":{"start":{"line":215,"column":8},"end":{"line":215,"column":7199}},"18":{"start":{"line":231,"column":8},"end":{"line":231,"column":7590}},"19":{"start":{"line":234,"column":8},"end":{"line":234,"column":32}},"20":{"start":{"line":240,"column":8},"end":{"line":240,"column":48}},"21":{"start":{"line":241,"column":8},"end":{"line":241,"column":7955}},"22":{"start":{"line":244,"column":8},"end":{"line":244,"column":74}},"23":{"start":{"line":249,"column":8},"end":{"line":249,"column":40}},"24":{"start":{"line":254,"column":8},"end":{"line":254,"column":36}},"25":{"start":{"line":259,"column":8},"end":{"line":259,"column":42}},"26":{"start":{"line":264,"column":8},"end":{"line":264,"column":30}},"27":{"start":{"line":269,"column":8},"end":{"line":269,"column":29}},"28":{"start":{"line":278,"column":8},"end":{"line":278,"column":21}},"29":{"start":{"line":283,"column":8},"end":{"line":283,"column":17}},"30":{"start":{"line":289,"column":8},"end":{"line":289,"column":48}},"31":{"start":{"line":295,"column":8},"end":{"line":295,"column":42}},"32":{"start":{"line":305,"column":8},"end":{"line":305,"column":10043}},"33":{"start":{"line":308,"column":8},"end":{"line":308,"column":10163}},"34":{"start":{"line":312,"column":8},"end":{"line":312,"column":39}},"35":{"start":{"line":325,"column":8},"end":{"line":325,"column":10753}},"36":{"start":{"line":329,"column":8},"end":{"line":329,"column":10875}},"37":{"start":{"line":333,"column":8},"end":{"line":333,"column":56}},"38":{"start":{"line":334,"column":8},"end":{"line":334,"column":11041}},"39":{"start":{"line":338,"column":8},"end":{"line":338,"column":11159}},"40":{"start":{"line":343,"column":8},"end":{"line":343,"column":11309}},"41":{"start":{"line":347,"column":8},"end":{"line":347,"column":11449}},"42":{"start":{"line":353,"column":8},"end":{"line":353,"column":11661}},"43":{"start":{"line":358,"column":8},"end":{"line":358,"column":11877}},"44":{"start":{"line":365,"column":8},"end":{"line":365,"column":12065}},"45":{"start":{"line":370,"column":8},"end":{"line":370,"column":12280}},"46":{"start":{"line":371,"column":12},"end":{"line":371,"column":73}},"47":{"start":{"line":372,"column":12},"end":{"line":372,"column":69}},"48":{"start":{"line":373,"column":12},"end":{"line":373,"column":72}},"49":{"start":{"line":374,"column":12},"end":{"line":374,"column":65}},"50":{"start":{"line":376,"column":12},"end":{"line":376,"column":12613}},"51":{"start":{"line":382,"column":8},"end":{"line":382,"column":98}},"52":{"start":{"line":394,"column":8},"end":{"line":394,"column":53}},"53":{"start":{"line":396,"column":8},"end":{"line":396,"column":13337}},"54":{"start":{"line":414,"column":8},"end":{"line":414,"column":90}},"55":{"start":{"line":415,"column":8},"end":{"line":415,"column":61}},"56":{"start":{"line":417,"column":8},"end":{"line":417,"column":58}},"57":{"start":{"line":418,"column":8},"end":{"line":418,"column":14064}},"58":{"start":{"line":423,"column":8},"end":{"line":423,"column":14214}},"59":{"start":{"line":427,"column":8},"end":{"line":427,"column":14354}},"60":{"start":{"line":434,"column":8},"end":{"line":434,"column":27}},"61":{"start":{"line":435,"column":8},"end":{"line":435,"column":14652}},"62":{"start":{"line":438,"column":12},"end":{"line":438,"column":54}},"63":{"start":{"line":439,"column":12},"end":{"line":439,"column":14837}},"64":{"start":{"line":446,"column":8},"end":{"line":446,"column":78}},"65":{"start":{"line":448,"column":8},"end":{"line":448,"column":15154}},"66":{"start":{"line":450,"column":12},"end":{"line":450,"column":15239}},"67":{"start":{"line":455,"column":12},"end":{"line":455,"column":15460}},"68":{"start":{"line":456,"column":16},"end":{"line":456,"column":77}},"69":{"start":{"line":457,"column":16},"end":{"line":457,"column":73}},"70":{"start":{"line":458,"column":16},"end":{"line":458,"column":76}},"71":{"start":{"line":459,"column":16},"end":{"line":459,"column":69}},"72":{"start":{"line":461,"column":16},"end":{"line":461,"column":15817}},"73":{"start":{"line":467,"column":12},"end":{"line":467,"column":16032}},"74":{"start":{"line":475,"column":12},"end":{"line":475,"column":16298}},"75":{"start":{"line":476,"column":16},"end":{"line":476,"column":54}},"76":{"start":{"line":480,"column":12},"end":{"line":480,"column":16465}},"77":{"start":{"line":489,"column":8},"end":{"line":489,"column":16708}},"78":{"start":{"line":492,"column":12},"end":{"line":492,"column":52}},"79":{"start":{"line":494,"column":12},"end":{"line":494,"column":72}},"80":{"start":{"line":498,"column":8},"end":{"line":498,"column":83}},"81":{"start":{"line":499,"column":8},"end":{"line":499,"column":19}},"82":{"start":{"line":507,"column":8},"end":{"line":507,"column":90}},"83":{"start":{"line":508,"column":8},"end":{"line":508,"column":61}},"84":{"start":{"line":510,"column":8},"end":{"line":510,"column":58}},"85":{"start":{"line":511,"column":8},"end":{"line":511,"column":17642}},"86":{"start":{"line":516,"column":8},"end":{"line":516,"column":17792}},"87":{"start":{"line":520,"column":8},"end":{"line":520,"column":17932}},"88":{"start":{"line":530,"column":8},"end":{"line":530,"column":18296}},"89":{"start":{"line":538,"column":8},"end":{"line":538,"column":18510}},"90":{"start":{"line":539,"column":12},"end":{"line":539,"column":54}},"91":{"start":{"line":543,"column":8},"end":{"line":543,"column":48}},"92":{"start":{"line":545,"column":8},"end":{"line":545,"column":57}},"93":{"start":{"line":553,"column":8},"end":{"line":553,"column":90}},"94":{"start":{"line":554,"column":8},"end":{"line":554,"column":61}},"95":{"start":{"line":556,"column":8},"end":{"line":556,"column":57}},"96":{"start":{"line":557,"column":8},"end":{"line":557,"column":19217}},"97":{"start":{"line":565,"column":8},"end":{"line":565,"column":19449}},"98":{"start":{"line":566,"column":12},"end":{"line":566,"column":52}},"99":{"start":{"line":570,"column":8},"end":{"line":570,"column":48}},"100":{"start":{"line":572,"column":8},"end":{"line":572,"column":56}},"101":{"start":{"line":586,"column":8},"end":{"line":586,"column":84}},"102":{"start":{"line":594,"column":8},"end":{"line":594,"column":70}},"103":{"start":{"line":601,"column":8},"end":{"line":601,"column":50}},"104":{"start":{"line":608,"column":8},"end":{"line":608,"column":48}},"105":{"start":{"line":623,"column":8},"end":{"line":623,"column":48}},"106":{"start":{"line":624,"column":8},"end":{"line":624,"column":49}},"107":{"start":{"line":625,"column":8},"end":{"line":625,"column":49}},"108":{"start":{"line":626,"column":8},"end":{"line":626,"column":65}},"109":{"start":{"line":628,"column":8},"end":{"line":628,"column":21664}},"110":{"start":{"line":630,"column":12},"end":{"line":630,"column":98}},"111":{"start":{"line":633,"column":12},"end":{"line":633,"column":85}},"112":{"start":{"line":634,"column":12},"end":{"line":634,"column":103}},"113":{"start":{"line":637,"column":12},"end":{"line":637,"column":22210}},"114":{"start":{"line":639,"column":16},"end":{"line":639,"column":66}},"115":{"start":{"line":640,"column":16},"end":{"line":640,"column":59}},"116":{"start":{"line":641,"column":16},"end":{"line":641,"column":64}},"117":{"start":{"line":642,"column":16},"end":{"line":642,"column":62}},"118":{"start":{"line":643,"column":16},"end":{"line":643,"column":49}},"119":{"start":{"line":647,"column":12},"end":{"line":647,"column":33}},"120":{"start":{"line":648,"column":12},"end":{"line":648,"column":53}},"121":{"start":{"line":649,"column":12},"end":{"line":649,"column":48}},"122":{"start":{"line":650,"column":12},"end":{"line":650,"column":52}},"123":{"start":{"line":652,"column":12},"end":{"line":652,"column":22899}},"124":{"start":{"line":653,"column":16},"end":{"line":653,"column":22974}},"125":{"start":{"line":658,"column":16},"end":{"line":658,"column":66}},"126":{"start":{"line":659,"column":16},"end":{"line":659,"column":54}},"127":{"start":{"line":662,"column":16},"end":{"line":662,"column":72}},"128":{"start":{"line":663,"column":16},"end":{"line":663,"column":89}},"129":{"start":{"line":666,"column":16},"end":{"line":666,"column":80}},"130":{"start":{"line":667,"column":16},"end":{"line":667,"column":63}},"131":{"start":{"line":668,"column":16},"end":{"line":668,"column":59}},"132":{"start":{"line":677,"column":12},"end":{"line":677,"column":28}},"133":{"start":{"line":690,"column":8},"end":{"line":690,"column":81}},"134":{"start":{"line":693,"column":8},"end":{"line":693,"column":53}},"135":{"start":{"line":694,"column":8},"end":{"line":694,"column":46}},"136":{"start":{"line":697,"column":8},"end":{"line":697,"column":99}},"137":{"start":{"line":698,"column":8},"end":{"line":698,"column":77}},"138":{"start":{"line":701,"column":8},"end":{"line":701,"column":25061}},"139":{"start":{"line":702,"column":12},"end":{"line":702,"column":58}},"140":{"start":{"line":704,"column":12},"end":{"line":704,"column":47}},"141":{"start":{"line":708,"column":12},"end":{"line":708,"column":25378}},"142":{"start":{"line":709,"column":16},"end":{"line":709,"column":24}},"143":{"start":{"line":712,"column":12},"end":{"line":712,"column":52}},"144":{"start":{"line":713,"column":12},"end":{"line":713,"column":41}},"145":{"start":{"line":723,"column":8},"end":{"line":723,"column":90}},"146":{"start":{"line":725,"column":8},"end":{"line":725,"column":25956}},"147":{"start":{"line":735,"column":12},"end":{"line":735,"column":58}},"148":{"start":{"line":754,"column":8},"end":{"line":754,"column":48}},"149":{"start":{"line":755,"column":8},"end":{"line":755,"column":49}},"150":{"start":{"line":756,"column":8},"end":{"line":756,"column":49}},"151":{"start":{"line":757,"column":8},"end":{"line":757,"column":65}},"152":{"start":{"line":759,"column":8},"end":{"line":759,"column":27279}},"153":{"start":{"line":761,"column":12},"end":{"line":761,"column":101}},"154":{"start":{"line":764,"column":12},"end":{"line":764,"column":85}},"155":{"start":{"line":765,"column":12},"end":{"line":765,"column":103}},"156":{"start":{"line":768,"column":12},"end":{"line":768,"column":27874}},"157":{"start":{"line":769,"column":16},"end":{"line":769,"column":24}},"158":{"start":{"line":773,"column":12},"end":{"line":773,"column":37}},"159":{"start":{"line":774,"column":12},"end":{"line":774,"column":53}},"160":{"start":{"line":775,"column":12},"end":{"line":775,"column":48}},"161":{"start":{"line":776,"column":12},"end":{"line":776,"column":52}},"162":{"start":{"line":778,"column":12},"end":{"line":778,"column":28273}},"163":{"start":{"line":779,"column":16},"end":{"line":779,"column":28348}},"164":{"start":{"line":784,"column":16},"end":{"line":784,"column":66}},"165":{"start":{"line":785,"column":16},"end":{"line":785,"column":54}},"166":{"start":{"line":786,"column":16},"end":{"line":786,"column":72}},"167":{"start":{"line":789,"column":16},"end":{"line":789,"column":79}},"168":{"start":{"line":790,"column":16},"end":{"line":790,"column":89}},"169":{"start":{"line":793,"column":16},"end":{"line":793,"column":67}},"170":{"start":{"line":796,"column":16},"end":{"line":796,"column":29305}},"171":{"start":{"line":797,"column":20},"end":{"line":797,"column":67}},"172":{"start":{"line":798,"column":20},"end":{"line":798,"column":67}},"173":{"start":{"line":808,"column":12},"end":{"line":808,"column":32}},"174":{"start":{"line":821,"column":8},"end":{"line":821,"column":81}},"175":{"start":{"line":824,"column":8},"end":{"line":824,"column":53}},"176":{"start":{"line":825,"column":8},"end":{"line":825,"column":46}},"177":{"start":{"line":826,"column":8},"end":{"line":826,"column":64}},"178":{"start":{"line":829,"column":8},"end":{"line":829,"column":99}},"179":{"start":{"line":830,"column":8},"end":{"line":830,"column":84}},"180":{"start":{"line":833,"column":8},"end":{"line":833,"column":53}},"181":{"start":{"line":836,"column":8},"end":{"line":836,"column":31003}},"182":{"start":{"line":837,"column":12},"end":{"line":837,"column":20}},"183":{"start":{"line":841,"column":8},"end":{"line":841,"column":31181}},"184":{"start":{"line":842,"column":12},"end":{"line":842,"column":20}},"185":{"start":{"line":845,"column":8},"end":{"line":845,"column":48}},"186":{"start":{"line":846,"column":8},"end":{"line":846,"column":37}},"187":{"start":{"line":852,"column":8},"end":{"line":852,"column":90}},"188":{"start":{"line":864,"column":8},"end":{"line":864,"column":90}},"189":{"start":{"line":865,"column":8},"end":{"line":865,"column":57}},"190":{"start":{"line":867,"column":8},"end":{"line":867,"column":32214}},"191":{"start":{"line":868,"column":12},"end":{"line":868,"column":20}},"192":{"start":{"line":872,"column":8},"end":{"line":872,"column":32335}},"193":{"start":{"line":890,"column":8},"end":{"line":890,"column":48}},"194":{"start":{"line":893,"column":8},"end":{"line":893,"column":117}},"195":{"start":{"line":904,"column":8},"end":{"line":904,"column":48}},"196":{"start":{"line":907,"column":8},"end":{"line":907,"column":118}},"197":{"start":{"line":929,"column":8},"end":{"line":929,"column":65}},"198":{"start":{"line":931,"column":8},"end":{"line":931,"column":34771}},"199":{"start":{"line":933,"column":12},"end":{"line":933,"column":57}},"200":{"start":{"line":934,"column":12},"end":{"line":934,"column":50}},"201":{"start":{"line":936,"column":12},"end":{"line":936,"column":35003}},"202":{"start":{"line":942,"column":12},"end":{"line":942,"column":126}},"203":{"start":{"line":944,"column":12},"end":{"line":944,"column":91}},"204":{"start":{"line":947,"column":12},"end":{"line":947,"column":48}},"205":{"start":{"line":949,"column":12},"end":{"line":949,"column":35563}},"206":{"start":{"line":950,"column":16},"end":{"line":950,"column":35638}},"207":{"start":{"line":954,"column":16},"end":{"line":954,"column":66}},"208":{"start":{"line":955,"column":16},"end":{"line":955,"column":54}},"209":{"start":{"line":957,"column":16},"end":{"line":957,"column":35946}},"210":{"start":{"line":963,"column":16},"end":{"line":963,"column":130}},"211":{"start":{"line":965,"column":16},"end":{"line":965,"column":95}}},"branchMap":{"1":{"line":74,"type":"if","locations":[{"start":{"line":74,"column":8},"end":{"line":74,"column":8}},{"start":{"line":74,"column":8},"end":{"line":74,"column":8}}]},"2":{"line":82,"type":"if","locations":[{"start":{"line":82,"column":8},"end":{"line":82,"column":8}},{"start":{"line":82,"column":8},"end":{"line":82,"column":8}}]},"3":{"line":90,"type":"if","locations":[{"start":{"line":90,"column":8},"end":{"line":90,"column":8}},{"start":{"line":90,"column":8},"end":{"line":90,"column":8}}]},"4":{"line":98,"type":"if","locations":[{"start":{"line":98,"column":8},"end":{"line":98,"column":8}},{"start":{"line":98,"column":8},"end":{"line":98,"column":8}}]},"5":{"line":117,"type":"if","locations":[{"start":{"line":117,"column":8},"end":{"line":117,"column":8}},{"start":{"line":117,"column":8},"end":{"line":117,"column":8}}]},"6":{"line":117,"type":"cond-expr","locations":[{"start":{"line":117,"column":12},"end":{"line":117,"column":38}},{"start":{"line":118,"column":12},"end":{"line":118,"column":42}}]},"7":{"line":117,"type":"cond-expr","locations":[{"start":{"line":117,"column":12},"end":{"line":118,"column":42}},{"start":{"line":119,"column":12},"end":{"line":119,"column":41}}]},"8":{"line":141,"type":"if","locations":[{"start":{"line":141,"column":24},"end":{"line":141,"column":24}},{"start":{"line":141,"column":24},"end":{"line":141,"column":24}}]},"9":{"line":141,"type":"if","locations":[{"start":{"line":141,"column":36},"end":{"line":141,"column":36}},{"start":{"line":141,"column":36},"end":{"line":141,"column":36}}]},"10":{"line":143,"type":"if","locations":[{"start":{"line":143,"column":8},"end":{"line":143,"column":8}},{"start":{"line":143,"column":8},"end":{"line":143,"column":8}}]},"11":{"line":147,"type":"if","locations":[{"start":{"line":147,"column":8},"end":{"line":147,"column":8}},{"start":{"line":147,"column":8},"end":{"line":147,"column":8}}]},"12":{"line":147,"type":"cond-expr","locations":[{"start":{"line":147,"column":12},"end":{"line":147,"column":25}},{"start":{"line":147,"column":30},"end":{"line":147,"column":55}}]},"13":{"line":151,"type":"if","locations":[{"start":{"line":151,"column":8},"end":{"line":151,"column":8}},{"start":{"line":151,"column":8},"end":{"line":151,"column":8}}]},"14":{"line":155,"type":"if","locations":[{"start":{"line":155,"column":8},"end":{"line":155,"column":8}},{"start":{"line":155,"column":8},"end":{"line":155,"column":8}}]},"15":{"line":155,"type":"cond-expr","locations":[{"start":{"line":155,"column":12},"end":{"line":155,"column":55}},{"start":{"line":156,"column":12},"end":{"line":156,"column":55}}]},"16":{"line":183,"type":"if","locations":[{"start":{"line":183,"column":26},"end":{"line":183,"column":26}},{"start":{"line":183,"column":26},"end":{"line":183,"column":26}}]},"17":{"line":183,"type":"if","locations":[{"start":{"line":183,"column":38},"end":{"line":183,"column":38}},{"start":{"line":183,"column":38},"end":{"line":183,"column":38}}]},"18":{"line":186,"type":"if","locations":[{"start":{"line":186,"column":8},"end":{"line":186,"column":8}},{"start":{"line":186,"column":8},"end":{"line":186,"column":8}}]},"19":{"line":190,"type":"if","locations":[{"start":{"line":190,"column":8},"end":{"line":190,"column":8}},{"start":{"line":190,"column":8},"end":{"line":190,"column":8}}]},"20":{"line":215,"type":"cond-expr","locations":[{"start":{"line":215,"column":15},"end":{"line":215,"column":39}},{"start":{"line":216,"column":15},"end":{"line":216,"column":38}}]},"21":{"line":215,"type":"cond-expr","locations":[{"start":{"line":215,"column":15},"end":{"line":216,"column":38}},{"start":{"line":217,"column":15},"end":{"line":217,"column":49}}]},"22":{"line":231,"type":"if","locations":[{"start":{"line":231,"column":8},"end":{"line":231,"column":8}},{"start":{"line":231,"column":8},"end":{"line":231,"column":8}}]},"23":{"line":239,"type":"if","locations":[{"start":{"line":239,"column":31},"end":{"line":239,"column":31}},{"start":{"line":239,"column":31},"end":{"line":239,"column":31}}]},"24":{"line":241,"type":"if","locations":[{"start":{"line":241,"column":8},"end":{"line":241,"column":8}},{"start":{"line":241,"column":8},"end":{"line":241,"column":8}}]},"25":{"line":277,"type":"if","locations":[{"start":{"line":277,"column":61},"end":{"line":277,"column":61}},{"start":{"line":277,"column":61},"end":{"line":277,"column":61}}]},"26":{"line":282,"type":"if","locations":[{"start":{"line":282,"column":41},"end":{"line":282,"column":41}},{"start":{"line":282,"column":41},"end":{"line":282,"column":41}}]},"27":{"line":304,"type":"if","locations":[{"start":{"line":304,"column":65},"end":{"line":304,"column":65}},{"start":{"line":304,"column":65},"end":{"line":304,"column":65}}]},"28":{"line":305,"type":"if","locations":[{"start":{"line":305,"column":8},"end":{"line":305,"column":8}},{"start":{"line":305,"column":8},"end":{"line":305,"column":8}}]},"29":{"line":308,"type":"if","locations":[{"start":{"line":308,"column":8},"end":{"line":308,"column":8}},{"start":{"line":308,"column":8},"end":{"line":308,"column":8}}]},"30":{"line":323,"type":"if","locations":[{"start":{"line":323,"column":24},"end":{"line":323,"column":24}},{"start":{"line":323,"column":24},"end":{"line":323,"column":24}}]},"31":{"line":323,"type":"if","locations":[{"start":{"line":323,"column":39},"end":{"line":323,"column":39}},{"start":{"line":323,"column":39},"end":{"line":323,"column":39}}]},"32":{"line":323,"type":"if","locations":[{"start":{"line":323,"column":53},"end":{"line":323,"column":53}},{"start":{"line":323,"column":53},"end":{"line":323,"column":53}}]},"33":{"line":325,"type":"if","locations":[{"start":{"line":325,"column":8},"end":{"line":325,"column":8}},{"start":{"line":325,"column":8},"end":{"line":325,"column":8}}]},"34":{"line":329,"type":"if","locations":[{"start":{"line":329,"column":8},"end":{"line":329,"column":8}},{"start":{"line":329,"column":8},"end":{"line":329,"column":8}}]},"35":{"line":334,"type":"if","locations":[{"start":{"line":334,"column":8},"end":{"line":334,"column":8}},{"start":{"line":334,"column":8},"end":{"line":334,"column":8}}]},"36":{"line":338,"type":"if","locations":[{"start":{"line":338,"column":8},"end":{"line":338,"column":8}},{"start":{"line":338,"column":8},"end":{"line":338,"column":8}}]},"37":{"line":343,"type":"if","locations":[{"start":{"line":343,"column":8},"end":{"line":343,"column":8}},{"start":{"line":343,"column":8},"end":{"line":343,"column":8}}]},"38":{"line":347,"type":"if","locations":[{"start":{"line":347,"column":8},"end":{"line":347,"column":8}},{"start":{"line":347,"column":8},"end":{"line":347,"column":8}}]},"39":{"line":353,"type":"if","locations":[{"start":{"line":353,"column":8},"end":{"line":353,"column":8}},{"start":{"line":353,"column":8},"end":{"line":353,"column":8}}]},"40":{"line":353,"type":"cond-expr","locations":[{"start":{"line":353,"column":12},"end":{"line":353,"column":46}},{"start":{"line":353,"column":51},"end":{"line":353,"column":86}}]},"41":{"line":365,"type":"if","locations":[{"start":{"line":365,"column":8},"end":{"line":365,"column":8}},{"start":{"line":365,"column":8},"end":{"line":365,"column":8}}]},"42":{"line":370,"type":"if","locations":[{"start":{"line":370,"column":8},"end":{"line":370,"column":8}},{"start":{"line":370,"column":8},"end":{"line":370,"column":8}}]},"43":{"line":376,"type":"if","locations":[{"start":{"line":376,"column":12},"end":{"line":376,"column":12}},{"start":{"line":376,"column":12},"end":{"line":376,"column":12}}]},"44":{"line":394,"type":"if","locations":[{"start":{"line":394,"column":8},"end":{"line":394,"column":8}},{"start":{"line":394,"column":8},"end":{"line":394,"column":8}}]},"45":{"line":412,"type":"if","locations":[{"start":{"line":412,"column":24},"end":{"line":412,"column":24}},{"start":{"line":412,"column":24},"end":{"line":412,"column":24}}]},"46":{"line":412,"type":"if","locations":[{"start":{"line":412,"column":39},"end":{"line":412,"column":39}},{"start":{"line":412,"column":39},"end":{"line":412,"column":39}}]},"47":{"line":412,"type":"if","locations":[{"start":{"line":412,"column":53},"end":{"line":412,"column":53}},{"start":{"line":412,"column":53},"end":{"line":412,"column":53}}]},"48":{"line":418,"type":"if","locations":[{"start":{"line":418,"column":8},"end":{"line":418,"column":8}},{"start":{"line":418,"column":8},"end":{"line":418,"column":8}}]},"49":{"line":423,"type":"if","locations":[{"start":{"line":423,"column":8},"end":{"line":423,"column":8}},{"start":{"line":423,"column":8},"end":{"line":423,"column":8}}]},"50":{"line":427,"type":"if","locations":[{"start":{"line":427,"column":8},"end":{"line":427,"column":8}},{"start":{"line":427,"column":8},"end":{"line":427,"column":8}}]},"51":{"line":435,"type":"if","locations":[{"start":{"line":435,"column":8},"end":{"line":435,"column":8}},{"start":{"line":435,"column":8},"end":{"line":435,"column":8}}]},"52":{"line":439,"type":"if","locations":[{"start":{"line":439,"column":12},"end":{"line":439,"column":12}},{"start":{"line":439,"column":12},"end":{"line":439,"column":12}}]},"53":{"line":448,"type":"if","locations":[{"start":{"line":448,"column":8},"end":{"line":448,"column":8}},{"start":{"line":448,"column":8},"end":{"line":448,"column":8}}]},"54":{"line":450,"type":"if","locations":[{"start":{"line":450,"column":12},"end":{"line":450,"column":12}},{"start":{"line":450,"column":12},"end":{"line":450,"column":12}}]},"55":{"line":455,"type":"if","locations":[{"start":{"line":455,"column":12},"end":{"line":455,"column":12}},{"start":{"line":455,"column":12},"end":{"line":455,"column":12}}]},"56":{"line":461,"type":"if","locations":[{"start":{"line":461,"column":16},"end":{"line":461,"column":16}},{"start":{"line":461,"column":16},"end":{"line":461,"column":16}}]},"57":{"line":475,"type":"if","locations":[{"start":{"line":475,"column":12},"end":{"line":475,"column":12}},{"start":{"line":475,"column":12},"end":{"line":475,"column":12}}]},"58":{"line":489,"type":"if","locations":[{"start":{"line":489,"column":8},"end":{"line":489,"column":8}},{"start":{"line":489,"column":8},"end":{"line":489,"column":8}}]},"59":{"line":505,"type":"if","locations":[{"start":{"line":505,"column":24},"end":{"line":505,"column":24}},{"start":{"line":505,"column":24},"end":{"line":505,"column":24}}]},"60":{"line":505,"type":"if","locations":[{"start":{"line":505,"column":39},"end":{"line":505,"column":39}},{"start":{"line":505,"column":39},"end":{"line":505,"column":39}}]},"61":{"line":505,"type":"if","locations":[{"start":{"line":505,"column":53},"end":{"line":505,"column":53}},{"start":{"line":505,"column":53},"end":{"line":505,"column":53}}]},"62":{"line":511,"type":"if","locations":[{"start":{"line":511,"column":8},"end":{"line":511,"column":8}},{"start":{"line":511,"column":8},"end":{"line":511,"column":8}}]},"63":{"line":516,"type":"if","locations":[{"start":{"line":516,"column":8},"end":{"line":516,"column":8}},{"start":{"line":516,"column":8},"end":{"line":516,"column":8}}]},"64":{"line":520,"type":"if","locations":[{"start":{"line":520,"column":8},"end":{"line":520,"column":8}},{"start":{"line":520,"column":8},"end":{"line":520,"column":8}}]},"65":{"line":538,"type":"if","locations":[{"start":{"line":538,"column":8},"end":{"line":538,"column":8}},{"start":{"line":538,"column":8},"end":{"line":538,"column":8}}]},"66":{"line":551,"type":"if","locations":[{"start":{"line":551,"column":24},"end":{"line":551,"column":24}},{"start":{"line":551,"column":24},"end":{"line":551,"column":24}}]},"67":{"line":551,"type":"if","locations":[{"start":{"line":551,"column":39},"end":{"line":551,"column":39}},{"start":{"line":551,"column":39},"end":{"line":551,"column":39}}]},"68":{"line":551,"type":"if","locations":[{"start":{"line":551,"column":53},"end":{"line":551,"column":53}},{"start":{"line":551,"column":53},"end":{"line":551,"column":53}}]},"69":{"line":557,"type":"if","locations":[{"start":{"line":557,"column":8},"end":{"line":557,"column":8}},{"start":{"line":557,"column":8},"end":{"line":557,"column":8}}]},"70":{"line":565,"type":"if","locations":[{"start":{"line":565,"column":8},"end":{"line":565,"column":8}},{"start":{"line":565,"column":8},"end":{"line":565,"column":8}}]},"71":{"line":585,"type":"if","locations":[{"start":{"line":585,"column":29},"end":{"line":585,"column":29}},{"start":{"line":585,"column":29},"end":{"line":585,"column":29}}]},"72":{"line":628,"type":"if","locations":[{"start":{"line":628,"column":8},"end":{"line":628,"column":8}},{"start":{"line":628,"column":8},"end":{"line":628,"column":8}}]},"73":{"line":637,"type":"if","locations":[{"start":{"line":637,"column":12},"end":{"line":637,"column":12}},{"start":{"line":637,"column":12},"end":{"line":637,"column":12}}]},"74":{"line":642,"type":"if","locations":[{"start":{"line":642,"column":16},"end":{"line":642,"column":16}},{"start":{"line":642,"column":16},"end":{"line":642,"column":16}}]},"75":{"line":654,"type":"if","locations":[{"start":{"line":654,"column":22},"end":{"line":654,"column":44}},{"start":{"line":655,"column":22},"end":{"line":655,"column":38}}]},"76":{"line":666,"type":"if","locations":[{"start":{"line":666,"column":16},"end":{"line":666,"column":16}},{"start":{"line":666,"column":16},"end":{"line":666,"column":16}}]},"77":{"line":701,"type":"if","locations":[{"start":{"line":701,"column":8},"end":{"line":701,"column":8}},{"start":{"line":701,"column":8},"end":{"line":701,"column":8}}]},"78":{"line":702,"type":"if","locations":[{"start":{"line":702,"column":12},"end":{"line":702,"column":12}},{"start":{"line":702,"column":12},"end":{"line":702,"column":12}}]},"79":{"line":708,"type":"if","locations":[{"start":{"line":708,"column":12},"end":{"line":708,"column":12}},{"start":{"line":708,"column":12},"end":{"line":708,"column":12}}]},"80":{"line":725,"type":"if","locations":[{"start":{"line":725,"column":8},"end":{"line":725,"column":8}},{"start":{"line":725,"column":8},"end":{"line":725,"column":8}}]},"81":{"line":759,"type":"if","locations":[{"start":{"line":759,"column":8},"end":{"line":759,"column":8}},{"start":{"line":759,"column":8},"end":{"line":759,"column":8}}]},"82":{"line":768,"type":"if","locations":[{"start":{"line":768,"column":12},"end":{"line":768,"column":12}},{"start":{"line":768,"column":12},"end":{"line":768,"column":12}}]},"83":{"line":780,"type":"if","locations":[{"start":{"line":780,"column":22},"end":{"line":780,"column":44}},{"start":{"line":781,"column":22},"end":{"line":781,"column":38}}]},"84":{"line":793,"type":"if","locations":[{"start":{"line":793,"column":16},"end":{"line":793,"column":16}},{"start":{"line":793,"column":16},"end":{"line":793,"column":16}}]},"85":{"line":796,"type":"if","locations":[{"start":{"line":796,"column":16},"end":{"line":796,"column":16}},{"start":{"line":796,"column":16},"end":{"line":796,"column":16}}]},"86":{"line":833,"type":"if","locations":[{"start":{"line":833,"column":8},"end":{"line":833,"column":8}},{"start":{"line":833,"column":8},"end":{"line":833,"column":8}}]},"87":{"line":836,"type":"if","locations":[{"start":{"line":836,"column":8},"end":{"line":836,"column":8}},{"start":{"line":836,"column":8},"end":{"line":836,"column":8}}]},"88":{"line":841,"type":"if","locations":[{"start":{"line":841,"column":8},"end":{"line":841,"column":8}},{"start":{"line":841,"column":8},"end":{"line":841,"column":8}}]},"89":{"line":867,"type":"if","locations":[{"start":{"line":867,"column":8},"end":{"line":867,"column":8}},{"start":{"line":867,"column":8},"end":{"line":867,"column":8}}]},"90":{"line":872,"type":"if","locations":[{"start":{"line":872,"column":8},"end":{"line":872,"column":8}},{"start":{"line":872,"column":8},"end":{"line":872,"column":8}}]},"91":{"line":931,"type":"if","locations":[{"start":{"line":931,"column":8},"end":{"line":931,"column":8}},{"start":{"line":931,"column":8},"end":{"line":931,"column":8}}]},"92":{"line":936,"type":"if","locations":[{"start":{"line":936,"column":12},"end":{"line":936,"column":12}},{"start":{"line":936,"column":12},"end":{"line":936,"column":12}}]},"93":{"line":942,"type":"if","locations":[{"start":{"line":942,"column":12},"end":{"line":942,"column":12}},{"start":{"line":942,"column":12},"end":{"line":942,"column":12}}]},"94":{"line":951,"type":"if","locations":[{"start":{"line":951,"column":22},"end":{"line":951,"column":44}},{"start":{"line":952,"column":22},"end":{"line":952,"column":38}}]},"95":{"line":957,"type":"if","locations":[{"start":{"line":957,"column":16},"end":{"line":957,"column":16}},{"start":{"line":957,"column":16},"end":{"line":957,"column":16}}]},"96":{"line":963,"type":"if","locations":[{"start":{"line":963,"column":16},"end":{"line":963,"column":16}},{"start":{"line":963,"column":16},"end":{"line":963,"column":16}}]}}},"contracts/interfaces/ICLMSRMarketCore.sol":{"l":{},"path":"/Users/whworjs/WebstormProjects/signals-v0/contracts/interfaces/ICLMSRMarketCore.sol","s":{},"b":{},"f":{},"fnMap":{},"statementMap":{},"branchMap":{}},"contracts/interfaces/ICLMSRMarketManager.sol":{"l":{},"path":"/Users/whworjs/WebstormProjects/signals-v0/contracts/interfaces/ICLMSRMarketManager.sol","s":{},"b":{},"f":{},"fnMap":{},"statementMap":{},"branchMap":{}},"contracts/interfaces/ICLMSRPosition.sol":{"l":{},"path":"/Users/whworjs/WebstormProjects/signals-v0/contracts/interfaces/ICLMSRPosition.sol","s":{},"b":{},"f":{},"fnMap":{},"statementMap":{},"branchMap":{}},"contracts/interfaces/ICLMSRRouter.sol":{"l":{},"path":"/Users/whworjs/WebstormProjects/signals-v0/contracts/interfaces/ICLMSRRouter.sol","s":{},"b":{},"f":{},"fnMap":{},"statementMap":{},"branchMap":{}},"contracts/libraries/FixedPointMath.sol":{"l":{"32":24,"36":22,"37":19,"41":1402,"45":12,"46":10,"50":8,"55":7,"56":7,"57":6,"58":6,"59":65,"60":64,"61":64,"64":5,"68":9,"69":9,"72":7,"73":7,"74":14,"78":7,"79":7,"80":7,"82":21,"83":21,"84":21,"86":7,"88":7,"100":128,"113":7,"114":7,"115":2,"116":2,"128":2,"129":0,"133":7,"137":8,"138":6,"153":4,"154":4},"path":"/Users/whworjs/WebstormProjects/signals-v0/contracts/libraries/FixedPointMath.sol","s":{"1":24,"2":22,"3":19,"4":1402,"5":12,"6":10,"7":8,"8":7,"9":7,"10":6,"11":65,"12":64,"13":5,"14":9,"15":9,"16":7,"17":7,"18":14,"19":7,"20":7,"21":21,"22":21,"23":7,"24":7,"25":128,"26":7,"27":7,"28":2,"29":2,"30":2,"31":0,"32":7,"33":8,"34":6,"35":4,"36":4},"b":{"1":[3,19],"2":[2,10],"3":[1,6],"4":[0,64],"5":[2,7],"6":[11,3],"7":[9,12],"8":[0,7],"9":[5,2],"10":[2,0],"11":[2,6]},"f":{"1":24,"2":22,"3":1402,"4":12,"5":8,"6":7,"7":9,"8":128,"9":7,"10":2,"11":7,"12":8,"13":4},"fnMap":{"1":{"name":"wExp","line":31,"loc":{"start":{"line":31,"column":4},"end":{"line":33,"column":4}}},"2":{"name":"wLn","line":35,"loc":{"start":{"line":35,"column":4},"end":{"line":38,"column":4}}},"3":{"name":"wMul","line":40,"loc":{"start":{"line":40,"column":4},"end":{"line":42,"column":4}}},"4":{"name":"wDiv","line":44,"loc":{"start":{"line":44,"column":4},"end":{"line":47,"column":4}}},"5":{"name":"wSqrt","line":49,"loc":{"start":{"line":49,"column":4},"end":{"line":51,"column":4}}},"6":{"name":"sumExp","line":54,"loc":{"start":{"line":54,"column":4},"end":{"line":65,"column":4}}},"7":{"name":"logSumExp","line":67,"loc":{"start":{"line":67,"column":4},"end":{"line":89,"column":4}}},"8":{"name":"clmsrPrice","line":96,"loc":{"start":{"line":96,"column":4},"end":{"line":101,"column":4}}},"9":{"name":"clmsrCost","line":108,"loc":{"start":{"line":108,"column":4},"end":{"line":117,"column":4}}},"10":{"name":"wLn","line":127,"loc":{"start":{"line":127,"column":4},"end":{"line":130,"column":4}}},"11":{"name":"wMul","line":132,"loc":{"start":{"line":132,"column":4},"end":{"line":134,"column":4}}},"12":{"name":"wDiv","line":136,"loc":{"start":{"line":136,"column":4},"end":{"line":139,"column":4}}},"13":{"name":"clmsrCost","line":148,"loc":{"start":{"line":148,"column":4},"end":{"line":155,"column":4}}}},"statementMap":{"1":{"start":{"line":32,"column":8},"end":{"line":32,"column":35}},"2":{"start":{"line":36,"column":8},"end":{"line":36,"column":44}},"3":{"start":{"line":37,"column":8},"end":{"line":37,"column":34}},"4":{"start":{"line":41,"column":8},"end":{"line":41,"column":32}},"5":{"start":{"line":45,"column":8},"end":{"line":45,"column":46}},"6":{"start":{"line":46,"column":8},"end":{"line":46,"column":32}},"7":{"start":{"line":50,"column":8},"end":{"line":50,"column":36}},"8":{"start":{"line":55,"column":8},"end":{"line":55,"column":30}},"9":{"start":{"line":56,"column":8},"end":{"line":56,"column":44}},"10":{"start":{"line":58,"column":12},"end":{"line":58,"column":2302}},"11":{"start":{"line":59,"column":16},"end":{"line":59,"column":51}},"12":{"start":{"line":61,"column":16},"end":{"line":61,"column":49}},"13":{"start":{"line":64,"column":8},"end":{"line":64,"column":18}},"14":{"start":{"line":68,"column":8},"end":{"line":68,"column":30}},"15":{"start":{"line":69,"column":8},"end":{"line":69,"column":44}},"16":{"start":{"line":72,"column":8},"end":{"line":72,"column":29}},"17":{"start":{"line":73,"column":8},"end":{"line":73,"column":2791}},"18":{"start":{"line":74,"column":12},"end":{"line":74,"column":44}},"19":{"start":{"line":78,"column":8},"end":{"line":78,"column":25}},"20":{"start":{"line":80,"column":12},"end":{"line":80,"column":3008}},"21":{"start":{"line":82,"column":16},"end":{"line":82,"column":65}},"22":{"start":{"line":83,"column":16},"end":{"line":83,"column":57}},"23":{"start":{"line":86,"column":12},"end":{"line":86,"column":52}},"24":{"start":{"line":88,"column":8},"end":{"line":88,"column":51}},"25":{"start":{"line":100,"column":8},"end":{"line":100,"column":49}},"26":{"start":{"line":113,"column":8},"end":{"line":113,"column":56}},"27":{"start":{"line":114,"column":8},"end":{"line":114,"column":49}},"28":{"start":{"line":115,"column":8},"end":{"line":115,"column":49}},"29":{"start":{"line":116,"column":8},"end":{"line":116,"column":42}},"30":{"start":{"line":128,"column":8},"end":{"line":128,"column":44}},"31":{"start":{"line":129,"column":8},"end":{"line":129,"column":37}},"32":{"start":{"line":133,"column":8},"end":{"line":133,"column":48}},"33":{"start":{"line":137,"column":8},"end":{"line":137,"column":46}},"34":{"start":{"line":138,"column":8},"end":{"line":138,"column":48}},"35":{"start":{"line":153,"column":8},"end":{"line":153,"column":86}},"36":{"start":{"line":154,"column":8},"end":{"line":154,"column":57}}},"branchMap":{"1":{"line":36,"type":"if","locations":[{"start":{"line":36,"column":8},"end":{"line":36,"column":8}},{"start":{"line":36,"column":8},"end":{"line":36,"column":8}}]},"2":{"line":45,"type":"if","locations":[{"start":{"line":45,"column":8},"end":{"line":45,"column":8}},{"start":{"line":45,"column":8},"end":{"line":45,"column":8}}]},"3":{"line":56,"type":"if","locations":[{"start":{"line":56,"column":8},"end":{"line":56,"column":8}},{"start":{"line":56,"column":8},"end":{"line":56,"column":8}}]},"4":{"line":61,"type":"if","locations":[{"start":{"line":61,"column":16},"end":{"line":61,"column":16}},{"start":{"line":61,"column":16},"end":{"line":61,"column":16}}]},"5":{"line":69,"type":"if","locations":[{"start":{"line":69,"column":8},"end":{"line":69,"column":8}},{"start":{"line":69,"column":8},"end":{"line":69,"column":8}}]},"6":{"line":74,"type":"if","locations":[{"start":{"line":74,"column":12},"end":{"line":74,"column":12}},{"start":{"line":74,"column":12},"end":{"line":74,"column":12}}]},"7":{"line":82,"type":"if","locations":[{"start":{"line":82,"column":48},"end":{"line":82,"column":60}},{"start":{"line":82,"column":64},"end":{"line":82,"column":64}}]},"8":{"line":86,"type":"if","locations":[{"start":{"line":86,"column":12},"end":{"line":86,"column":12}},{"start":{"line":86,"column":12},"end":{"line":86,"column":12}}]},"9":{"line":114,"type":"if","locations":[{"start":{"line":114,"column":8},"end":{"line":114,"column":8}},{"start":{"line":114,"column":8},"end":{"line":114,"column":8}}]},"10":{"line":128,"type":"if","locations":[{"start":{"line":128,"column":8},"end":{"line":128,"column":8}},{"start":{"line":128,"column":8},"end":{"line":128,"column":8}}]},"11":{"line":137,"type":"if","locations":[{"start":{"line":137,"column":8},"end":{"line":137,"column":8}},{"start":{"line":137,"column":8},"end":{"line":137,"column":8}}]}}},"contracts/libraries/LazyMulSegmentTree.sol":{"l":{"67":2696,"68":2696,"74":943,"79":6817,"80":6817,"91":17,"92":16,"93":15,"95":12,"96":12,"97":12,"98":12,"107":815,"108":815,"109":815,"110":815,"122":111,"123":110,"125":108,"126":108,"134":698,"136":695,"137":695,"139":695,"140":695,"141":692,"144":692,"145":509,"155":2803,"157":2803,"158":2803,"160":2803,"161":57,"162":57,"164":57,"167":57,"168":21,"170":57,"173":57,"174":32,"176":57,"179":57,"180":57,"190":2683,"192":2683,"193":2683,"195":2683,"197":2683,"198":2683,"200":2683,"203":2683,"204":376,"223":2830,"225":329,"226":329,"227":329,"228":329,"231":2501,"233":2501,"234":2501,"236":2501,"238":1759,"239":430,"240":430,"242":1759,"245":742,"246":274,"247":274,"249":742,"252":2501,"261":571,"262":570,"263":568,"264":566,"265":564,"267":560,"268":557,"270":557,"291":924,"294":766,"297":766,"298":584,"299":581,"303":182,"305":182,"306":182,"307":182,"310":182,"311":34,"313":182,"314":12,"318":182,"320":182,"321":182,"323":182,"336":188,"337":186,"338":185,"340":183,"352":35,"353":35,"354":35,"356":35,"376":2731,"377":454,"378":8,"379":8,"380":8,"384":2277,"386":1453,"389":1453,"390":179,"394":1274,"395":1274,"397":1274,"398":1274,"400":1274,"420":275,"421":21,"422":2,"423":2,"424":2,"428":254,"430":153,"433":153,"434":33,"438":120,"440":120,"441":120,"443":120,"444":120,"446":120,"457":39,"473":13,"474":11,"476":10,"477":10,"478":10,"479":223,"480":221,"485":8},"path":"/Users/whworjs/WebstormProjects/signals-v0/contracts/libraries/LazyMulSegmentTree.sol","s":{"1":2696,"2":943,"3":17,"4":16,"5":15,"6":815,"7":111,"8":110,"9":108,"10":698,"11":3,"12":695,"13":695,"14":695,"15":692,"16":2803,"17":0,"18":2803,"19":2803,"20":2803,"21":57,"22":57,"23":57,"24":57,"25":57,"26":57,"27":57,"28":2683,"29":0,"30":2683,"31":2683,"32":2683,"33":2683,"34":2683,"35":2683,"36":2830,"37":329,"38":329,"39":2501,"40":2501,"41":2501,"42":2501,"43":1759,"44":1759,"45":742,"46":742,"47":2501,"48":571,"49":570,"50":568,"51":566,"52":564,"53":560,"54":557,"55":924,"56":158,"57":766,"58":0,"59":766,"60":584,"61":581,"62":182,"63":182,"64":182,"65":182,"66":182,"67":182,"68":182,"69":182,"70":182,"71":188,"72":186,"73":185,"74":183,"75":35,"76":35,"77":35,"78":35,"79":2731,"80":454,"81":446,"82":8,"83":8,"84":8,"85":2277,"86":824,"87":1453,"88":1453,"89":179,"90":1274,"91":1274,"92":1274,"93":1274,"94":1274,"95":275,"96":21,"97":19,"98":2,"99":2,"100":2,"101":254,"102":101,"103":153,"104":153,"105":33,"106":120,"107":120,"108":120,"109":120,"110":120,"111":120,"112":39,"113":13,"114":11,"115":10,"116":10,"117":223,"118":221},"b":{"1":[16,1],"2":[15,1],"3":[12,3],"4":[1,110],"5":[2,108],"6":[3,695],"7":[0,3],"8":[692,3],"9":[509,183],"10":[0,2803],"11":[57,2746],"12":[21,36],"13":[32,25],"14":[0,2683],"15":[2662,21],"16":[833,1850],"17":[376,2307],"18":[329,2501],"19":[1759,742],"20":[430,1329],"21":[274,468],"22":[1,570],"23":[2,568],"24":[2,566],"25":[2,564],"26":[4,560],"27":[2,2],"28":[158,766],"29":[25,133],"30":[0,766],"31":[584,182],"32":[34,148],"33":[12,170],"34":[2,186],"35":[1,185],"36":[2,183],"37":[0,35],"38":[0,35],"39":[0,35],"40":[454,2277],"41":[446,8],"42":[6,440],"43":[1,7],"44":[3,5],"45":[824,1453],"46":[370,454],"47":[179,1274],"48":[21,254],"49":[19,2],"50":[0,19],"51":[1,1],"52":[1,1],"53":[101,153],"54":[39,62],"55":[33,120],"56":[11,2],"57":[1,10],"58":[2,221]},"f":{"1":2696,"2":943,"3":6817,"4":17,"5":815,"6":111,"7":698,"8":2803,"9":2683,"10":2830,"11":571,"12":924,"13":188,"14":35,"15":2731,"16":275,"17":39,"18":13},"fnMap":{"1":{"name":"_defaultSum","line":66,"loc":{"start":{"line":66,"column":4},"end":{"line":70,"column":4}}},"2":{"name":"_packChildren","line":73,"loc":{"start":{"line":73,"column":4},"end":{"line":75,"column":4}}},"3":{"name":"_unpackChildren","line":78,"loc":{"start":{"line":78,"column":4},"end":{"line":81,"column":4}}},"4":{"name":"init","line":90,"loc":{"start":{"line":90,"column":4},"end":{"line":99,"column":4}}},"5":{"name":"_allocateNode","line":106,"loc":{"start":{"line":106,"column":4},"end":{"line":111,"column":4}}},"6":{"name":"update","line":121,"loc":{"start":{"line":121,"column":4},"end":{"line":127,"column":4}}},"7":{"name":"_apply","line":133,"loc":{"start":{"line":133,"column":4},"end":{"line":147,"column":4}}},"8":{"name":"_push","line":154,"loc":{"start":{"line":154,"column":4},"end":{"line":182,"column":4}}},"9":{"name":"_pull","line":189,"loc":{"start":{"line":189,"column":4},"end":{"line":206,"column":4}}},"10":{"name":"_updateRecursive","line":215,"loc":{"start":{"line":215,"column":4},"end":{"line":253,"column":4}}},"11":{"name":"mulRange","line":260,"loc":{"start":{"line":260,"column":4},"end":{"line":271,"column":4}}},"12":{"name":"_mulRangeRecursive","line":281,"loc":{"start":{"line":281,"column":4},"end":{"line":324,"column":4}}},"13":{"name":"query","line":331,"loc":{"start":{"line":331,"column":4},"end":{"line":341,"column":4}}},"14":{"name":"queryWithLazy","line":348,"loc":{"start":{"line":348,"column":4},"end":{"line":357,"column":4}}},"15":{"name":"_queryRecursiveView","line":367,"loc":{"start":{"line":367,"column":4},"end":{"line":401,"column":4}}},"16":{"name":"_queryRecursive","line":411,"loc":{"start":{"line":411,"column":4},"end":{"line":447,"column":4}}},"17":{"name":"getTotalSum","line":456,"loc":{"start":{"line":456,"column":4},"end":{"line":458,"column":4}}},"18":{"name":"batchUpdate","line":468,"loc":{"start":{"line":468,"column":4},"end":{"line":486,"column":4}}}},"statementMap":{"1":{"start":{"line":68,"column":12},"end":{"line":68,"column":43}},"2":{"start":{"line":74,"column":8},"end":{"line":74,"column":51}},"3":{"start":{"line":91,"column":8},"end":{"line":91,"column":58}},"4":{"start":{"line":92,"column":8},"end":{"line":92,"column":71}},"5":{"start":{"line":93,"column":8},"end":{"line":93,"column":58}},"6":{"start":{"line":108,"column":8},"end":{"line":108,"column":48}},"7":{"start":{"line":122,"column":8},"end":{"line":122,"column":55}},"8":{"start":{"line":123,"column":8},"end":{"line":123,"column":73}},"9":{"start":{"line":125,"column":8},"end":{"line":125,"column":72}},"10":{"start":{"line":134,"column":8},"end":{"line":134,"column":51}},"11":{"start":{"line":134,"column":45},"end":{"line":134,"column":51}},"12":{"start":{"line":136,"column":8},"end":{"line":136,"column":49}},"13":{"start":{"line":139,"column":8},"end":{"line":139,"column":57}},"14":{"start":{"line":140,"column":8},"end":{"line":140,"column":66}},"15":{"start":{"line":144,"column":8},"end":{"line":144,"column":5969}},"16":{"start":{"line":155,"column":8},"end":{"line":155,"column":34}},"17":{"start":{"line":155,"column":28},"end":{"line":155,"column":34}},"18":{"start":{"line":157,"column":8},"end":{"line":157,"column":49}},"19":{"start":{"line":158,"column":8},"end":{"line":158,"column":36}},"20":{"start":{"line":160,"column":8},"end":{"line":160,"column":6523}},"21":{"start":{"line":161,"column":12},"end":{"line":161,"column":40}},"22":{"start":{"line":162,"column":12},"end":{"line":162,"column":72}},"23":{"start":{"line":164,"column":12},"end":{"line":164,"column":50}},"24":{"start":{"line":167,"column":12},"end":{"line":167,"column":6815}},"25":{"start":{"line":170,"column":12},"end":{"line":170,"column":41}},"26":{"start":{"line":173,"column":12},"end":{"line":173,"column":7018}},"27":{"start":{"line":176,"column":12},"end":{"line":176,"column":42}},"28":{"start":{"line":190,"column":8},"end":{"line":190,"column":34}},"29":{"start":{"line":190,"column":28},"end":{"line":190,"column":34}},"30":{"start":{"line":192,"column":8},"end":{"line":192,"column":49}},"31":{"start":{"line":193,"column":8},"end":{"line":193,"column":68}},"32":{"start":{"line":195,"column":8},"end":{"line":195,"column":36}},"33":{"start":{"line":197,"column":8},"end":{"line":197,"column":82}},"34":{"start":{"line":198,"column":8},"end":{"line":198,"column":89}},"35":{"start":{"line":203,"column":8},"end":{"line":203,"column":8107}},"36":{"start":{"line":223,"column":8},"end":{"line":223,"column":8696}},"37":{"start":{"line":225,"column":12},"end":{"line":225,"column":53}},"38":{"start":{"line":228,"column":12},"end":{"line":228,"column":18}},"39":{"start":{"line":231,"column":8},"end":{"line":231,"column":35}},"40":{"start":{"line":233,"column":8},"end":{"line":233,"column":36}},"41":{"start":{"line":234,"column":8},"end":{"line":234,"column":95}},"42":{"start":{"line":236,"column":8},"end":{"line":236,"column":9130}},"43":{"start":{"line":238,"column":12},"end":{"line":238,"column":9216}},"44":{"start":{"line":242,"column":12},"end":{"line":242,"column":66}},"45":{"start":{"line":245,"column":12},"end":{"line":245,"column":9545}},"46":{"start":{"line":249,"column":12},"end":{"line":249,"column":71}},"47":{"start":{"line":252,"column":8},"end":{"line":252,"column":35}},"48":{"start":{"line":261,"column":8},"end":{"line":261,"column":55}},"49":{"start":{"line":262,"column":8},"end":{"line":262,"column":48}},"50":{"start":{"line":263,"column":8},"end":{"line":263,"column":67}},"51":{"start":{"line":264,"column":8},"end":{"line":264,"column":44}},"52":{"start":{"line":265,"column":8},"end":{"line":265,"column":84}},"53":{"start":{"line":267,"column":8},"end":{"line":267,"column":76}},"54":{"start":{"line":270,"column":8},"end":{"line":270,"column":37}},"55":{"start":{"line":291,"column":8},"end":{"line":291,"column":36}},"56":{"start":{"line":291,"column":30},"end":{"line":291,"column":36}},"57":{"start":{"line":294,"column":8},"end":{"line":294,"column":34}},"58":{"start":{"line":294,"column":28},"end":{"line":294,"column":34}},"59":{"start":{"line":297,"column":8},"end":{"line":297,"column":11483}},"60":{"start":{"line":298,"column":12},"end":{"line":298,"column":42}},"61":{"start":{"line":299,"column":12},"end":{"line":299,"column":18}},"62":{"start":{"line":303,"column":8},"end":{"line":303,"column":35}},"63":{"start":{"line":305,"column":8},"end":{"line":305,"column":49}},"64":{"start":{"line":306,"column":8},"end":{"line":306,"column":78}},"65":{"start":{"line":307,"column":8},"end":{"line":307,"column":36}},"66":{"start":{"line":310,"column":8},"end":{"line":310,"column":11941}},"67":{"start":{"line":313,"column":8},"end":{"line":313,"column":12047}},"68":{"start":{"line":320,"column":8},"end":{"line":320,"column":66}},"69":{"start":{"line":321,"column":8},"end":{"line":321,"column":71}},"70":{"start":{"line":323,"column":8},"end":{"line":323,"column":35}},"71":{"start":{"line":336,"column":8},"end":{"line":336,"column":55}},"72":{"start":{"line":337,"column":8},"end":{"line":337,"column":48}},"73":{"start":{"line":338,"column":8},"end":{"line":338,"column":67}},"74":{"start":{"line":340,"column":8},"end":{"line":340,"column":77}},"75":{"start":{"line":352,"column":8},"end":{"line":352,"column":55}},"76":{"start":{"line":353,"column":8},"end":{"line":353,"column":48}},"77":{"start":{"line":354,"column":8},"end":{"line":354,"column":67}},"78":{"start":{"line":356,"column":8},"end":{"line":356,"column":73}},"79":{"start":{"line":376,"column":8},"end":{"line":376,"column":14379}},"80":{"start":{"line":377,"column":12},"end":{"line":377,"column":42}},"81":{"start":{"line":377,"column":34},"end":{"line":377,"column":42}},"82":{"start":{"line":378,"column":12},"end":{"line":378,"column":45}},"83":{"start":{"line":379,"column":12},"end":{"line":379,"column":45}},"84":{"start":{"line":380,"column":12},"end":{"line":380,"column":50}},"85":{"start":{"line":384,"column":8},"end":{"line":384,"column":38}},"86":{"start":{"line":384,"column":30},"end":{"line":384,"column":38}},"87":{"start":{"line":386,"column":8},"end":{"line":386,"column":49}},"88":{"start":{"line":389,"column":8},"end":{"line":389,"column":14777}},"89":{"start":{"line":390,"column":12},"end":{"line":390,"column":27}},"90":{"start":{"line":394,"column":8},"end":{"line":394,"column":36}},"91":{"start":{"line":395,"column":8},"end":{"line":395,"column":78}},"92":{"start":{"line":397,"column":8},"end":{"line":397,"column":78}},"93":{"start":{"line":398,"column":8},"end":{"line":398,"column":84}},"94":{"start":{"line":400,"column":8},"end":{"line":400,"column":33}},"95":{"start":{"line":420,"column":8},"end":{"line":420,"column":15854}},"96":{"start":{"line":421,"column":12},"end":{"line":421,"column":42}},"97":{"start":{"line":421,"column":34},"end":{"line":421,"column":42}},"98":{"start":{"line":422,"column":12},"end":{"line":422,"column":45}},"99":{"start":{"line":423,"column":12},"end":{"line":423,"column":45}},"100":{"start":{"line":424,"column":12},"end":{"line":424,"column":50}},"101":{"start":{"line":428,"column":8},"end":{"line":428,"column":38}},"102":{"start":{"line":428,"column":30},"end":{"line":428,"column":38}},"103":{"start":{"line":430,"column":8},"end":{"line":430,"column":49}},"104":{"start":{"line":433,"column":8},"end":{"line":433,"column":16252}},"105":{"start":{"line":434,"column":12},"end":{"line":434,"column":27}},"106":{"start":{"line":438,"column":8},"end":{"line":438,"column":35}},"107":{"start":{"line":440,"column":8},"end":{"line":440,"column":36}},"108":{"start":{"line":441,"column":8},"end":{"line":441,"column":78}},"109":{"start":{"line":443,"column":8},"end":{"line":443,"column":74}},"110":{"start":{"line":444,"column":8},"end":{"line":444,"column":80}},"111":{"start":{"line":446,"column":8},"end":{"line":446,"column":33}},"112":{"start":{"line":457,"column":8},"end":{"line":457,"column":33}},"113":{"start":{"line":473,"column":8},"end":{"line":473,"column":72}},"114":{"start":{"line":474,"column":8},"end":{"line":474,"column":55}},"115":{"start":{"line":476,"column":8},"end":{"line":476,"column":36}},"116":{"start":{"line":478,"column":12},"end":{"line":478,"column":17817}},"117":{"start":{"line":479,"column":16},"end":{"line":479,"column":91}},"118":{"start":{"line":480,"column":16},"end":{"line":480,"column":89}}},"branchMap":{"1":{"line":91,"type":"if","locations":[{"start":{"line":91,"column":8},"end":{"line":91,"column":8}},{"start":{"line":91,"column":8},"end":{"line":91,"column":8}}]},"2":{"line":92,"type":"if","locations":[{"start":{"line":92,"column":8},"end":{"line":92,"column":8}},{"start":{"line":92,"column":8},"end":{"line":92,"column":8}}]},"3":{"line":93,"type":"if","locations":[{"start":{"line":93,"column":8},"end":{"line":93,"column":8}},{"start":{"line":93,"column":8},"end":{"line":93,"column":8}}]},"4":{"line":122,"type":"if","locations":[{"start":{"line":122,"column":8},"end":{"line":122,"column":8}},{"start":{"line":122,"column":8},"end":{"line":122,"column":8}}]},"5":{"line":123,"type":"if","locations":[{"start":{"line":123,"column":8},"end":{"line":123,"column":8}},{"start":{"line":123,"column":8},"end":{"line":123,"column":8}}]},"6":{"line":134,"type":"if","locations":[{"start":{"line":134,"column":8},"end":{"line":134,"column":8}},{"start":{"line":134,"column":8},"end":{"line":134,"column":8}}]},"7":{"line":134,"type":"cond-expr","locations":[{"start":{"line":134,"column":12},"end":{"line":134,"column":25}},{"start":{"line":134,"column":30},"end":{"line":134,"column":42}}]},"8":{"line":140,"type":"if","locations":[{"start":{"line":140,"column":8},"end":{"line":140,"column":8}},{"start":{"line":140,"column":8},"end":{"line":140,"column":8}}]},"9":{"line":144,"type":"if","locations":[{"start":{"line":144,"column":8},"end":{"line":144,"column":8}},{"start":{"line":144,"column":8},"end":{"line":144,"column":8}}]},"10":{"line":155,"type":"if","locations":[{"start":{"line":155,"column":8},"end":{"line":155,"column":8}},{"start":{"line":155,"column":8},"end":{"line":155,"column":8}}]},"11":{"line":160,"type":"if","locations":[{"start":{"line":160,"column":8},"end":{"line":160,"column":8}},{"start":{"line":160,"column":8},"end":{"line":160,"column":8}}]},"12":{"line":167,"type":"if","locations":[{"start":{"line":167,"column":12},"end":{"line":167,"column":12}},{"start":{"line":167,"column":12},"end":{"line":167,"column":12}}]},"13":{"line":173,"type":"if","locations":[{"start":{"line":173,"column":12},"end":{"line":173,"column":12}},{"start":{"line":173,"column":12},"end":{"line":173,"column":12}}]},"14":{"line":190,"type":"if","locations":[{"start":{"line":190,"column":8},"end":{"line":190,"column":8}},{"start":{"line":190,"column":8},"end":{"line":190,"column":8}}]},"15":{"line":197,"type":"if","locations":[{"start":{"line":197,"column":40},"end":{"line":197,"column":59}},{"start":{"line":197,"column":63},"end":{"line":197,"column":81}}]},"16":{"line":198,"type":"if","locations":[{"start":{"line":198,"column":42},"end":{"line":198,"column":62}},{"start":{"line":198,"column":66},"end":{"line":198,"column":88}}]},"17":{"line":203,"type":"if","locations":[{"start":{"line":203,"column":8},"end":{"line":203,"column":8}},{"start":{"line":203,"column":8},"end":{"line":203,"column":8}}]},"18":{"line":223,"type":"if","locations":[{"start":{"line":223,"column":8},"end":{"line":223,"column":8}},{"start":{"line":223,"column":8},"end":{"line":223,"column":8}}]},"19":{"line":236,"type":"if","locations":[{"start":{"line":236,"column":8},"end":{"line":236,"column":8}},{"start":{"line":236,"column":8},"end":{"line":236,"column":8}}]},"20":{"line":238,"type":"if","locations":[{"start":{"line":238,"column":12},"end":{"line":238,"column":12}},{"start":{"line":238,"column":12},"end":{"line":238,"column":12}}]},"21":{"line":245,"type":"if","locations":[{"start":{"line":245,"column":12},"end":{"line":245,"column":12}},{"start":{"line":245,"column":12},"end":{"line":245,"column":12}}]},"22":{"line":261,"type":"if","locations":[{"start":{"line":261,"column":8},"end":{"line":261,"column":8}},{"start":{"line":261,"column":8},"end":{"line":261,"column":8}}]},"23":{"line":262,"type":"if","locations":[{"start":{"line":262,"column":8},"end":{"line":262,"column":8}},{"start":{"line":262,"column":8},"end":{"line":262,"column":8}}]},"24":{"line":263,"type":"if","locations":[{"start":{"line":263,"column":8},"end":{"line":263,"column":8}},{"start":{"line":263,"column":8},"end":{"line":263,"column":8}}]},"25":{"line":264,"type":"if","locations":[{"start":{"line":264,"column":8},"end":{"line":264,"column":8}},{"start":{"line":264,"column":8},"end":{"line":264,"column":8}}]},"26":{"line":265,"type":"if","locations":[{"start":{"line":265,"column":8},"end":{"line":265,"column":8}},{"start":{"line":265,"column":8},"end":{"line":265,"column":8}}]},"27":{"line":265,"type":"cond-expr","locations":[{"start":{"line":265,"column":12},"end":{"line":265,"column":30}},{"start":{"line":265,"column":35},"end":{"line":265,"column":53}}]},"28":{"line":291,"type":"if","locations":[{"start":{"line":291,"column":8},"end":{"line":291,"column":8}},{"start":{"line":291,"column":8},"end":{"line":291,"column":8}}]},"29":{"line":291,"type":"cond-expr","locations":[{"start":{"line":291,"column":12},"end":{"line":291,"column":17}},{"start":{"line":291,"column":22},"end":{"line":291,"column":27}}]},"30":{"line":294,"type":"if","locations":[{"start":{"line":294,"column":8},"end":{"line":294,"column":8}},{"start":{"line":294,"column":8},"end":{"line":294,"column":8}}]},"31":{"line":297,"type":"if","locations":[{"start":{"line":297,"column":8},"end":{"line":297,"column":8}},{"start":{"line":297,"column":8},"end":{"line":297,"column":8}}]},"32":{"line":310,"type":"if","locations":[{"start":{"line":310,"column":8},"end":{"line":310,"column":8}},{"start":{"line":310,"column":8},"end":{"line":310,"column":8}}]},"33":{"line":313,"type":"if","locations":[{"start":{"line":313,"column":8},"end":{"line":313,"column":8}},{"start":{"line":313,"column":8},"end":{"line":313,"column":8}}]},"34":{"line":336,"type":"if","locations":[{"start":{"line":336,"column":8},"end":{"line":336,"column":8}},{"start":{"line":336,"column":8},"end":{"line":336,"column":8}}]},"35":{"line":337,"type":"if","locations":[{"start":{"line":337,"column":8},"end":{"line":337,"column":8}},{"start":{"line":337,"column":8},"end":{"line":337,"column":8}}]},"36":{"line":338,"type":"if","locations":[{"start":{"line":338,"column":8},"end":{"line":338,"column":8}},{"start":{"line":338,"column":8},"end":{"line":338,"column":8}}]},"37":{"line":352,"type":"if","locations":[{"start":{"line":352,"column":8},"end":{"line":352,"column":8}},{"start":{"line":352,"column":8},"end":{"line":352,"column":8}}]},"38":{"line":353,"type":"if","locations":[{"start":{"line":353,"column":8},"end":{"line":353,"column":8}},{"start":{"line":353,"column":8},"end":{"line":353,"column":8}}]},"39":{"line":354,"type":"if","locations":[{"start":{"line":354,"column":8},"end":{"line":354,"column":8}},{"start":{"line":354,"column":8},"end":{"line":354,"column":8}}]},"40":{"line":376,"type":"if","locations":[{"start":{"line":376,"column":8},"end":{"line":376,"column":8}},{"start":{"line":376,"column":8},"end":{"line":376,"column":8}}]},"41":{"line":377,"type":"if","locations":[{"start":{"line":377,"column":12},"end":{"line":377,"column":12}},{"start":{"line":377,"column":12},"end":{"line":377,"column":12}}]},"42":{"line":377,"type":"cond-expr","locations":[{"start":{"line":377,"column":16},"end":{"line":377,"column":21}},{"start":{"line":377,"column":26},"end":{"line":377,"column":31}}]},"43":{"line":378,"type":"if","locations":[{"start":{"line":378,"column":39},"end":{"line":378,"column":40}},{"start":{"line":378,"column":44},"end":{"line":378,"column":44}}]},"44":{"line":379,"type":"if","locations":[{"start":{"line":379,"column":39},"end":{"line":379,"column":40}},{"start":{"line":379,"column":44},"end":{"line":379,"column":44}}]},"45":{"line":384,"type":"if","locations":[{"start":{"line":384,"column":8},"end":{"line":384,"column":8}},{"start":{"line":384,"column":8},"end":{"line":384,"column":8}}]},"46":{"line":384,"type":"cond-expr","locations":[{"start":{"line":384,"column":12},"end":{"line":384,"column":17}},{"start":{"line":384,"column":22},"end":{"line":384,"column":27}}]},"47":{"line":389,"type":"if","locations":[{"start":{"line":389,"column":8},"end":{"line":389,"column":8}},{"start":{"line":389,"column":8},"end":{"line":389,"column":8}}]},"48":{"line":420,"type":"if","locations":[{"start":{"line":420,"column":8},"end":{"line":420,"column":8}},{"start":{"line":420,"column":8},"end":{"line":420,"column":8}}]},"49":{"line":421,"type":"if","locations":[{"start":{"line":421,"column":12},"end":{"line":421,"column":12}},{"start":{"line":421,"column":12},"end":{"line":421,"column":12}}]},"50":{"line":421,"type":"cond-expr","locations":[{"start":{"line":421,"column":16},"end":{"line":421,"column":21}},{"start":{"line":421,"column":26},"end":{"line":421,"column":31}}]},"51":{"line":422,"type":"if","locations":[{"start":{"line":422,"column":39},"end":{"line":422,"column":40}},{"start":{"line":422,"column":44},"end":{"line":422,"column":44}}]},"52":{"line":423,"type":"if","locations":[{"start":{"line":423,"column":39},"end":{"line":423,"column":40}},{"start":{"line":423,"column":44},"end":{"line":423,"column":44}}]},"53":{"line":428,"type":"if","locations":[{"start":{"line":428,"column":8},"end":{"line":428,"column":8}},{"start":{"line":428,"column":8},"end":{"line":428,"column":8}}]},"54":{"line":428,"type":"cond-expr","locations":[{"start":{"line":428,"column":12},"end":{"line":428,"column":17}},{"start":{"line":428,"column":22},"end":{"line":428,"column":27}}]},"55":{"line":433,"type":"if","locations":[{"start":{"line":433,"column":8},"end":{"line":433,"column":8}},{"start":{"line":433,"column":8},"end":{"line":433,"column":8}}]},"56":{"line":473,"type":"if","locations":[{"start":{"line":473,"column":8},"end":{"line":473,"column":8}},{"start":{"line":473,"column":8},"end":{"line":473,"column":8}}]},"57":{"line":474,"type":"if","locations":[{"start":{"line":474,"column":8},"end":{"line":474,"column":8}},{"start":{"line":474,"column":8},"end":{"line":474,"column":8}}]},"58":{"line":479,"type":"if","locations":[{"start":{"line":479,"column":16},"end":{"line":479,"column":16}},{"start":{"line":479,"column":16},"end":{"line":479,"column":16}}]}}},"contracts/mocks/MockERC20.sol":{"l":{"17":0,"21":0,"25":0,"29":0},"path":"/Users/whworjs/WebstormProjects/signals-v0/contracts/mocks/MockERC20.sol","s":{"1":0,"2":0,"3":0},"b":{"1":[0,0],"2":[0,0]},"f":{"1":0,"2":0,"3":0,"4":0},"fnMap":{"1":{"name":"constructor","line":16,"loc":{"start":{"line":12,"column":4},"end":{"line":18,"column":4}}},"2":{"name":"decimals","line":20,"loc":{"start":{"line":20,"column":4},"end":{"line":22,"column":4}}},"3":{"name":"mint","line":24,"loc":{"start":{"line":24,"column":4},"end":{"line":26,"column":4}}},"4":{"name":"burn","line":28,"loc":{"start":{"line":28,"column":4},"end":{"line":30,"column":4}}}},"statementMap":{"1":{"start":{"line":21,"column":8},"end":{"line":21,"column":24}},"2":{"start":{"line":25,"column":8},"end":{"line":25,"column":24}},"3":{"start":{"line":29,"column":8},"end":{"line":29,"column":26}}},"branchMap":{"1":{"line":24,"type":"if","locations":[{"start":{"line":24,"column":53},"end":{"line":24,"column":53}},{"start":{"line":24,"column":53},"end":{"line":24,"column":53}}]},"2":{"line":28,"type":"if","locations":[{"start":{"line":28,"column":55},"end":{"line":28,"column":55}},{"start":{"line":28,"column":55},"end":{"line":28,"column":55}}]}}},"contracts/mocks/MockPosition.sol":{"l":{"33":0,"34":0,"48":0,"49":0,"57":0,"61":0,"65":0,"66":0,"70":0,"71":0,"75":0,"76":0,"77":0,"81":0,"82":0,"86":0,"87":0,"91":0,"92":0,"96":0,"97":0,"98":0,"99":0,"101":0,"105":0,"109":0,"110":0,"114":0,"122":0,"126":0,"127":0,"131":0,"132":0,"146":0,"147":0,"149":0,"151":0,"159":0,"161":0,"165":0,"166":0,"168":0,"169":0,"171":0,"175":0,"176":0,"178":0,"179":0,"181":0,"189":0,"190":0,"194":0,"195":0,"196":0,"197":0,"202":0,"203":0,"204":0,"206":0,"207":0,"208":0,"209":0,"210":0,"214":0,"215":0,"216":0,"221":0,"229":0,"239":0,"240":0,"242":0,"243":0,"247":0,"249":0,"250":0,"251":0,"253":0,"254":0,"258":0,"259":0,"261":0,"262":0,"263":0,"264":0,"266":0,"267":0,"271":0,"272":0,"273":0,"277":0,"278":0,"282":0,"283":0,"284":0,"286":0,"287":0,"289":0,"290":0,"294":0,"295":0,"296":0,"300":0,"301":0,"303":0,"304":0,"305":0,"306":0,"309":0,"310":0,"314":0,"315":0,"316":0,"317":0,"318":0,"319":0,"321":0,"322":0,"323":0,"324":0,"325":0,"327":0},"path":"/Users/whworjs/WebstormProjects/signals-v0/contracts/mocks/MockPosition.sol","s":{"1":0,"2":0,"3":0,"4":0,"5":0,"6":0,"7":0,"8":0,"9":0,"10":0,"11":0,"12":0,"13":0,"14":0,"15":0,"16":0,"17":0,"18":0,"19":0,"20":0,"21":0,"22":0,"23":0,"24":0,"25":0,"26":0,"27":0,"28":0,"29":0,"30":0,"31":0,"32":0,"33":0,"34":0,"35":0,"36":0,"37":0,"38":0,"39":0,"40":0,"41":0,"42":0,"43":0,"44":0,"45":0,"46":0,"47":0,"48":0,"49":0,"50":0,"51":0,"52":0,"53":0,"54":0,"55":0,"56":0,"57":0,"58":0,"59":0,"60":0,"61":0,"62":0,"63":0,"64":0,"65":0,"66":0,"67":0,"68":0,"69":0,"70":0,"71":0,"72":0,"73":0,"74":0,"75":0,"76":0,"77":0,"78":0,"79":0,"80":0,"81":0,"82":0,"83":0,"84":0},"b":{"1":[0,0],"2":[0,0],"3":[0,0],"4":[0,0],"5":[0,0],"6":[0,0],"7":[0,0],"8":[0,0],"9":[0,0],"10":[0,0],"11":[0,0],"12":[0,0],"13":[0,0],"14":[0,0],"15":[0,0],"16":[0,0],"17":[0,0],"18":[0,0],"19":[0,0],"20":[0,0],"21":[0,0],"22":[0,0],"23":[0,0],"24":[0,0],"25":[0,0],"26":[0,0],"27":[0,0],"28":[0,0],"29":[0,0],"30":[0,0],"31":[0,0],"32":[0,0],"33":[0,0]},"f":{"1":0,"2":0,"3":0,"4":0,"5":0,"6":0,"7":0,"8":0,"9":0,"10":0,"11":0,"12":0,"13":0,"14":0,"15":0,"16":0,"17":0,"18":0,"19":0,"20":0,"21":0,"22":0,"23":0,"24":0,"25":0,"26":0,"27":0,"28":0,"29":0,"30":0,"31":0,"32":0,"33":0,"34":0,"35":0},"fnMap":{"1":{"name":"onlyCore","line":32,"loc":{"start":{"line":32,"column":4},"end":{"line":35,"column":4}}},"2":{"name":"constructor","line":41,"loc":{"start":{"line":41,"column":4},"end":{"line":41,"column":39}}},"3":{"name":"setCore","line":47,"loc":{"start":{"line":47,"column":4},"end":{"line":50,"column":4}}},"4":{"name":"name","line":56,"loc":{"start":{"line":56,"column":4},"end":{"line":58,"column":4}}},"5":{"name":"symbol","line":60,"loc":{"start":{"line":60,"column":4},"end":{"line":62,"column":4}}},"6":{"name":"tokenURI","line":64,"loc":{"start":{"line":64,"column":4},"end":{"line":67,"column":4}}},"7":{"name":"balanceOf","line":69,"loc":{"start":{"line":69,"column":4},"end":{"line":72,"column":4}}},"8":{"name":"ownerOf","line":74,"loc":{"start":{"line":74,"column":4},"end":{"line":78,"column":4}}},"9":{"name":"transferFrom","line":80,"loc":{"start":{"line":80,"column":4},"end":{"line":83,"column":4}}},"10":{"name":"safeTransferFrom","line":85,"loc":{"start":{"line":85,"column":4},"end":{"line":88,"column":4}}},"11":{"name":"safeTransferFrom","line":90,"loc":{"start":{"line":90,"column":4},"end":{"line":93,"column":4}}},"12":{"name":"approve","line":95,"loc":{"start":{"line":95,"column":4},"end":{"line":102,"column":4}}},"13":{"name":"setApprovalForAll","line":104,"loc":{"start":{"line":104,"column":4},"end":{"line":106,"column":4}}},"14":{"name":"getApproved","line":108,"loc":{"start":{"line":108,"column":4},"end":{"line":111,"column":4}}},"15":{"name":"isApprovedForAll","line":113,"loc":{"start":{"line":113,"column":4},"end":{"line":115,"column":4}}},"16":{"name":"totalSupply","line":121,"loc":{"start":{"line":121,"column":4},"end":{"line":123,"column":4}}},"17":{"name":"tokenByIndex","line":125,"loc":{"start":{"line":125,"column":4},"end":{"line":128,"column":4}}},"18":{"name":"tokenOfOwnerByIndex","line":130,"loc":{"start":{"line":130,"column":4},"end":{"line":133,"column":4}}},"19":{"name":"mintPosition","line":145,"loc":{"start":{"line":139,"column":4},"end":{"line":162,"column":4}}},"20":{"name":"setPositionQuantity","line":164,"loc":{"start":{"line":164,"column":4},"end":{"line":172,"column":4}}},"21":{"name":"burnPosition","line":174,"loc":{"start":{"line":174,"column":4},"end":{"line":182,"column":4}}},"22":{"name":"getPosition","line":188,"loc":{"start":{"line":188,"column":4},"end":{"line":191,"column":4}}},"23":{"name":"getPositionsByOwner","line":193,"loc":{"start":{"line":193,"column":4},"end":{"line":199,"column":4}}},"24":{"name":"getPositionsByMarket","line":201,"loc":{"start":{"line":201,"column":4},"end":{"line":218,"column":4}}},"25":{"name":"isAuthorizedCaller","line":220,"loc":{"start":{"line":220,"column":4},"end":{"line":222,"column":4}}},"26":{"name":"supportsInterface","line":228,"loc":{"start":{"line":228,"column":4},"end":{"line":232,"column":4}}},"27":{"name":"_mint","line":238,"loc":{"start":{"line":238,"column":4},"end":{"line":244,"column":4}}},"28":{"name":"_burn","line":246,"loc":{"start":{"line":246,"column":4},"end":{"line":255,"column":4}}},"29":{"name":"_transfer","line":257,"loc":{"start":{"line":257,"column":4},"end":{"line":268,"column":4}}},"30":{"name":"_isApprovedOrOwner","line":270,"loc":{"start":{"line":270,"column":4},"end":{"line":274,"column":4}}},"31":{"name":"_addTokenToAllTokensEnumeration","line":276,"loc":{"start":{"line":276,"column":4},"end":{"line":279,"column":4}}},"32":{"name":"_rem
[...]
":{"line":101,"column":8},"end":{"line":101,"column":34}},"16":{"start":{"line":106,"column":8},"end":{"line":106,"column":20}},"17":{"start":{"line":110,"column":8},"end":{"line":110,"column":20}},"18":{"start":{"line":115,"column":12},"end":{"line":115,"column":24}},"19":{"start":{"line":121,"column":12},"end":{"line":121,"column":24}},"20":{"start":{"line":132,"column":8},"end":{"line":132,"column":30}},"21":{"start":{"line":133,"column":8},"end":{"line":133,"column":33}},"22":{"start":{"line":134,"column":8},"end":{"line":134,"column":35}},"23":{"start":{"line":136,"column":8},"end":{"line":136,"column":19}},"24":{"start":{"line":142,"column":8},"end":{"line":142,"column":32}},"25":{"start":{"line":143,"column":8},"end":{"line":143,"column":47}},"26":{"start":{"line":145,"column":8},"end":{"line":145,"column":19}},"27":{"start":{"line":150,"column":8},"end":{"line":150,"column":50}},"28":{"start":{"line":155,"column":8},"end":{"line":155,"column":48}},"29":{"start":{"line":160,"column":8},"end":{"line":160,"column":35}},"30":{"start":{"line":161,"column":8},"end":{"line":161,"column":39}},"31":{"start":{"line":162,"column":8},"end":{"line":162,"column":38}},"32":{"start":{"line":164,"column":8},"end":{"line":164,"column":68}},"33":{"start":{"line":173,"column":8},"end":{"line":173,"column":36}},"34":{"start":{"line":178,"column":8},"end":{"line":178,"column":29}},"35":{"start":{"line":183,"column":8},"end":{"line":183,"column":49}},"36":{"start":{"line":184,"column":8},"end":{"line":184,"column":39}},"37":{"start":{"line":189,"column":8},"end":{"line":189,"column":49}},"38":{"start":{"line":190,"column":8},"end":{"line":190,"column":36}},"39":{"start":{"line":195,"column":8},"end":{"line":195,"column":44}}},"branchMap":{}},"contracts/test/LazyMulSegmentTreeTest.sol":{"l":{"34":17,"35":12,"43":108,"44":105,"48":0,"52":184,"56":24,"60":67,"61":56,"69":10,"77":36,"95":1,"96":1,"97":1,"110":0,"115":1,"116":1,"123":0,"124":0,"135":3,"136":501,"144":0,"145":0,"146":0,"154":0,"155":0,"157":0,"158":0,"159":0,"172":1,"173":1,"174":1,"183":1,"184":1,"185":1,"196":1,"197":1,"198":1,"208":0,"211":0,"214":0,"217":0,"220":0,"223":0,"229":0,"232":0,"235":0,"241":1,"242":1,"244":1,"245":1,"246":10,"249":1,"250":1,"256":0,"259":0,"261":0,"263":0,"269":0,"271":0,"274":0,"280":0,"283":0,"284":0,"285":0,"288":0,"291":0,"297":1,"300":1,"301":1,"302":1,"303":1,"304":1,"305":1,"306":1,"307":1,"309":1,"312":1,"315":1,"316":1,"317":1,"318":1,"319":1,"320":1,"321":1,"322":1,"324":1,"327":1,"328":1,"329":1,"335":0,"338":0,"339":0,"340":0,"341":0,"346":0,"347":0,"348":0,"351":0,"352":0,"353":0,"356":0,"357":0,"361":0,"362":0,"368":1,"371":1,"372":1,"373":1,"374":1,"377":1,"380":1,"389":0,"392":0,"393":0,"395":0,"401":2,"403":2,"404":2,"406":2,"415":0,"417":0,"418":0,"420":0,"421":0,"423":0,"428":0,"430":0,"431":0,"433":0,"434":0,"435":0,"437":0},"path":"/Users/whworjs/WebstormProjects/signals-v0/contracts/test/LazyMulSegmentTreeTest.sol","s":{"1":17,"2":12,"3":108,"4":105,"5":0,"6":184,"7":24,"8":67,"9":56,"10":10,"11":36,"12":1,"13":1,"14":0,"15":0,"16":0,"17":3,"18":501,"19":0,"20":0,"21":0,"22":0,"23":0,"24":0,"25":0,"26":1,"27":1,"28":1,"29":1,"30":1,"31":1,"32":0,"33":0,"34":0,"35":0,"36":0,"37":0,"38":0,"39":0,"40":0,"41":1,"42":1,"43":1,"44":1,"45":1,"46":1,"47":0,"48":0,"49":0,"50":0,"51":0,"52":0,"53":0,"54":0,"55":0,"56":0,"57":0,"58":0,"59":0,"60":1,"61":1,"62":1,"63":1,"64":1,"65":1,"66":1,"67":1,"68":1,"69":1,"70":1,"71":0,"72":0,"73":0,"74":0,"75":0,"76":0,"77":0,"78":0,"79":0,"80":0,"81":1,"82":1,"83":1,"84":1,"85":1,"86":1,"87":1,"88":0,"89":2,"90":0,"91":2,"92":2,"93":2,"94":0,"95":0,"96":0,"97":0,"98":0,"99":0,"100":0,"101":0,"102":0,"103":0,"104":0,"105":0,"106":0},"b":{"1":[0,0],"2":[0,0],"3":[0,0],"4":[0,0],"5":[1,0],"6":[1,0],"7":[0,0],"8":[0,0],"9":[0,0],"10":[0,0],"11":[0,0],"12":[1,0],"13":[1,0],"14":[1,0],"15":[1,0],"16":[1,0],"17":[0,0],"18":[0,0],"19":[0,0],"20":[0,0],"21":[0,0],"22":[0,0],"23":[1,0],"24":[0,2],"25":[0,0],"26":[0,0],"27":[0,0],"28":[0,0]},"f":{"1":17,"2":108,"3":0,"4":184,"5":24,"6":67,"7":10,"8":36,"9":1,"10":0,"11":1,"12":0,"13":3,"14":0,"15":0,"16":1,"17":1,"18":1,"19":0,"20":0,"21":1,"22":0,"23":0,"24":0,"25":1,"26":0,"27":1,"28":0,"29":2,"30":0,"31":0},"fnMap":{"1":{"name":"init","line":33,"loc":{"start":{"line":33,"column":4},"end":{"line":36,"column":4}}},"2":{"name":"update","line":42,"loc":{"start":{"line":42,"column":4},"end":{"line":45,"column":4}}},"3":{"name":"get","line":47,"loc":{"start":{"line":47,"column":4},"end":{"line":49,"column":4}}},"4":{"name":"query","line":51,"loc":{"start":{"line":51,"column":4},"end":{"line":53,"column":4}}},"5":{"name":"queryWithLazy","line":55,"loc":{"start":{"line":55,"column":4},"end":{"line":57,"column":4}}},"6":{"name":"mulRange","line":59,"loc":{"start":{"line":59,"column":4},"end":{"line":62,"column":4}}},"7":{"name":"batchUpdate","line":68,"loc":{"start":{"line":68,"column":4},"end":{"line":70,"column":4}}},"8":{"name":"getTotalSum","line":76,"loc":{"start":{"line":76,"column":4},"end":{"line":78,"column":4}}},"9":{"name":"getNodeInfo","line":90,"loc":{"start":{"line":90,"column":4},"end":{"line":98,"column":4}}},"10":{"name":"getTreeInfo","line":105,"loc":{"start":{"line":105,"column":4},"end":{"line":111,"column":4}}},"11":{"name":"_unpackChildren","line":114,"loc":{"start":{"line":114,"column":4},"end":{"line":117,"column":4}}},"12":{"name":"nodeExists","line":122,"loc":{"start":{"line":122,"column":4},"end":{"line":125,"column":4}}},"13":{"name":"stressTestMulRange","line":134,"loc":{"start":{"line":134,"column":4},"end":{"line":138,"column":4}}},"14":{"name":"fillSequential","line":143,"loc":{"start":{"line":143,"column":4},"end":{"line":148,"column":4}}},"15":{"name":"fillExponential","line":153,"loc":{"start":{"line":153,"column":4},"end":{"line":161,"column":4}}},"16":{"name":"measureUpdateGas","line":171,"loc":{"start":{"line":171,"column":4},"end":{"line":175,"column":4}}},"17":{"name":"measureMulRangeGas","line":182,"loc":{"start":{"line":182,"column":4},"end":{"line":186,"column":4}}},"18":{"name":"measureBatchUpdateGas","line":192,"loc":{"start":{"line":192,"column":4},"end":{"line":199,"column":4}}},"19":{"name":"testMulRangeBoundaries","line":207,"loc":{"start":{"line":207,"column":4},"end":{"line":224,"column":4}}},"20":{"name":"testUpdateBoundaries","line":228,"loc":{"start":{"line":228,"column":4},"end":{"line":236,"column":4}}},"21":{"name":"assertTotalInvariant","line":240,"loc":{"start":{"line":240,"column":4},"end":{"line":251,"column":4}}},"22":{"name":"assertLazyConsistency","line":255,"loc":{"start":{"line":255,"column":4},"end":{"line":264,"column":4}}},"23":{"name":"testDefaultSumLogic","line":268,"loc":{"start":{"line":268,"column":4},"end":{"line":275,"column":4}}},"24":{"name":"testEmptyNodeMulRange","line":279,"loc":{"start":{"line":279,"column":4},"end":{"line":292,"column":4}}},"25":{"name":"testBatchUpdateCornerCases","line":296,"loc":{"start":{"line":296,"column":4},"end":{"line":330,"column":4}}},"26":{"name":"randomRangeMul","line":334,"loc":{"start":{"line":334,"column":4},"end":{"line":363,"column":4}}},"27":{"name":"testCachedRootSumSync","line":367,"loc":{"start":{"line":367,"column":4},"end":{"line":381,"column":4}}},"28":{"name":"getTreeStats","line":388,"loc":{"start":{"line":388,"column":4},"end":{"line":396,"column":4}}},"29":{"name":"isEmpty","line":400,"loc":{"start":{"line":400,"column":4},"end":{"line":407,"column":4}}},"30":{"name":"_calculateMaxDepth","line":414,"loc":{"start":{"line":414,"column":4},"end":{"line":424,"column":4}}},"31":{"name":"_countLazyOps","line":427,"loc":{"start":{"line":427,"column":4},"end":{"line":438,"column":4}}}},"statementMap":{"1":{"start":{"line":34,"column":8},"end":{"line":34,"column":26}},"2":{"start":{"line":35,"column":8},"end":{"line":35,"column":38}},"3":{"start":{"line":43,"column":8},"end":{"line":43,"column":32}},"4":{"start":{"line":44,"column":8},"end":{"line":44,"column":38}},"5":{"start":{"line":48,"column":8},"end":{"line":48,"column":39}},"6":{"start":{"line":52,"column":8},"end":{"line":52,"column":33}},"7":{"start":{"line":56,"column":8},"end":{"line":56,"column":41}},"8":{"start":{"line":60,"column":8},"end":{"line":60,"column":36}},"9":{"start":{"line":61,"column":8},"end":{"line":61,"column":44}},"10":{"start":{"line":69,"column":8},"end":{"line":69,"column":40}},"11":{"start":{"line":77,"column":8},"end":{"line":77,"column":33}},"12":{"start":{"line":95,"column":8},"end":{"line":95,"column":68}},"13":{"start":{"line":97,"column":8},"end":{"line":97,"column":49}},"14":{"start":{"line":110,"column":8},"end":{"line":110,"column":73}},"15":{"start":{"line":123,"column":8},"end":{"line":123,"column":68}},"16":{"start":{"line":124,"column":8},"end":{"line":124,"column":71}},"17":{"start":{"line":135,"column":8},"end":{"line":135,"column":4725}},"18":{"start":{"line":136,"column":12},"end":{"line":136,"column":50}},"19":{"start":{"line":144,"column":8},"end":{"line":144,"column":31}},"20":{"start":{"line":145,"column":8},"end":{"line":145,"column":5097}},"21":{"start":{"line":146,"column":12},"end":{"line":146,"column":57}},"22":{"start":{"line":154,"column":8},"end":{"line":154,"column":31}},"23":{"start":{"line":155,"column":8},"end":{"line":155,"column":30}},"24":{"start":{"line":157,"column":8},"end":{"line":157,"column":5543}},"25":{"start":{"line":158,"column":12},"end":{"line":158,"column":34}},"26":{"start":{"line":172,"column":8},"end":{"line":172,"column":37}},"27":{"start":{"line":173,"column":8},"end":{"line":173,"column":32}},"28":{"start":{"line":183,"column":8},"end":{"line":183,"column":37}},"29":{"start":{"line":184,"column":8},"end":{"line":184,"column":36}},"30":{"start":{"line":196,"column":8},"end":{"line":196,"column":37}},"31":{"start":{"line":197,"column":8},"end":{"line":197,"column":40}},"32":{"start":{"line":208,"column":8},"end":{"line":208,"column":53}},"33":{"start":{"line":211,"column":8},"end":{"line":211,"column":34}},"34":{"start":{"line":214,"column":8},"end":{"line":214,"column":58}},"35":{"start":{"line":217,"column":8},"end":{"line":217,"column":46}},"36":{"start":{"line":220,"column":8},"end":{"line":220,"column":35}},"37":{"start":{"line":223,"column":8},"end":{"line":223,"column":34}},"38":{"start":{"line":229,"column":8},"end":{"line":229,"column":53}},"39":{"start":{"line":232,"column":8},"end":{"line":232,"column":27}},"40":{"start":{"line":235,"column":8},"end":{"line":235,"column":39}},"41":{"start":{"line":241,"column":8},"end":{"line":241,"column":31}},"42":{"start":{"line":242,"column":8},"end":{"line":242,"column":48}},"43":{"start":{"line":244,"column":8},"end":{"line":244,"column":26}},"44":{"start":{"line":245,"column":8},"end":{"line":245,"column":8592}},"45":{"start":{"line":249,"column":8},"end":{"line":249,"column":43}},"46":{"start":{"line":250,"column":8},"end":{"line":250,"column":64}},"47":{"start":{"line":256,"column":8},"end":{"line":256,"column":59}},"48":{"start":{"line":259,"column":8},"end":{"line":259,"column":55}},"49":{"start":{"line":261,"column":8},"end":{"line":261,"column":47}},"50":{"start":{"line":263,"column":8},"end":{"line":263,"column":74}},"51":{"start":{"line":269,"column":8},"end":{"line":269,"column":59}},"52":{"start":{"line":271,"column":8},"end":{"line":271,"column":43}},"53":{"start":{"line":274,"column":8},"end":{"line":274,"column":21}},"54":{"start":{"line":280,"column":8},"end":{"line":280,"column":58}},"55":{"start":{"line":283,"column":8},"end":{"line":283,"column":46}},"56":{"start":{"line":284,"column":8},"end":{"line":284,"column":36}},"57":{"start":{"line":285,"column":8},"end":{"line":285,"column":45}},"58":{"start":{"line":288,"column":8},"end":{"line":288,"column":59}},"59":{"start":{"line":291,"column":8},"end":{"line":291,"column":34}},"60":{"start":{"line":297,"column":8},"end":{"line":297,"column":57}},"61":{"start":{"line":300,"column":8},"end":{"line":300,"column":52}},"62":{"start":{"line":301,"column":8},"end":{"line":301,"column":53}},"63":{"start":{"line":309,"column":8},"end":{"line":309,"column":46}},"64":{"start":{"line":312,"column":8},"end":{"line":312,"column":76}},"65":{"start":{"line":315,"column":8},"end":{"line":315,"column":57}},"66":{"start":{"line":316,"column":8},"end":{"line":316,"column":58}},"67":{"start":{"line":324,"column":8},"end":{"line":324,"column":56}},"68":{"start":{"line":327,"column":8},"end":{"line":327,"column":72}},"69":{"start":{"line":328,"column":8},"end":{"line":328,"column":73}},"70":{"start":{"line":329,"column":8},"end":{"line":329,"column":73}},"71":{"start":{"line":335,"column":8},"end":{"line":335,"column":53}},"72":{"start":{"line":340,"column":8},"end":{"line":340,"column":12472}},"73":{"start":{"line":347,"column":12},"end":{"line":347,"column":44}},"74":{"start":{"line":351,"column":8},"end":{"line":351,"column":46}},"75":{"start":{"line":352,"column":8},"end":{"line":352,"column":36}},"76":{"start":{"line":353,"column":8},"end":{"line":353,"column":45}},"77":{"start":{"line":356,"column":8},"end":{"line":356,"column":13034}},"78":{"start":{"line":357,"column":12},"end":{"line":357,"column":84}},"79":{"start":{"line":361,"column":8},"end":{"line":361,"column":54}},"80":{"start":{"line":362,"column":8},"end":{"line":362,"column":75}},"81":{"start":{"line":368,"column":8},"end":{"line":368,"column":58}},"82":{"start":{"line":371,"column":8},"end":{"line":371,"column":27}},"83":{"start":{"line":372,"column":8},"end":{"line":372,"column":34}},"84":{"start":{"line":373,"column":8},"end":{"line":373,"column":27}},"85":{"start":{"line":374,"column":8},"end":{"line":374,"column":34}},"86":{"start":{"line":377,"column":8},"end":{"line":377,"column":43}},"87":{"start":{"line":380,"column":8},"end":{"line":380,"column":34}},"88":{"start":{"line":395,"column":8},"end":{"line":395,"column":50}},"89":{"start":{"line":401,"column":8},"end":{"line":401,"column":39}},"90":{"start":{"line":401,"column":28},"end":{"line":401,"column":39}},"91":{"start":{"line":403,"column":8},"end":{"line":403,"column":45}},"92":{"start":{"line":404,"column":8},"end":{"line":404,"column":59}},"93":{"start":{"line":406,"column":8},"end":{"line":406,"column":42}},"94":{"start":{"line":415,"column":8},"end":{"line":415,"column":47}},"95":{"start":{"line":415,"column":28},"end":{"line":415,"column":47}},"96":{"start":{"line":417,"column":8},"end":{"line":417,"column":68}},"97":{"start":{"line":418,"column":8},"end":{"line":418,"column":68}},"98":{"start":{"line":420,"column":8},"end":{"line":420,"column":69}},"99":{"start":{"line":421,"column":8},"end":{"line":421,"column":71}},"100":{"start":{"line":423,"column":8},"end":{"line":423,"column":62}},"101":{"start":{"line":428,"column":8},"end":{"line":428,"column":36}},"102":{"start":{"line":428,"column":28},"end":{"line":428,"column":36}},"103":{"start":{"line":430,"column":8},"end":{"line":430,"column":68}},"104":{"start":{"line":431,"column":8},"end":{"line":431,"column":68}},"105":{"start":{"line":433,"column":8},"end":{"line":433,"column":50}},"106":{"start":{"line":437,"column":8},"end":{"line":437,"column":20}}},"branchMap":{"1":{"line":124,"type":"cond-expr","locations":[{"start":{"line":124,"column":15},"end":{"line":124,"column":27}},{"start":{"line":124,"column":32},"end":{"line":124,"column":48}}]},"2":{"line":124,"type":"cond-expr","locations":[{"start":{"line":124,"column":15},"end":{"line":124,"column":48}},{"start":{"line":124,"column":53},"end":{"line":124,"column":70}}]},"3":{"line":208,"type":"if","locations":[{"start":{"line":208,"column":8},"end":{"line":208,"column":8}},{"start":{"line":208,"column":8},"end":{"line":208,"column":8}}]},"4":{"line":229,"type":"if","locations":[{"start":{"line":229,"column":8},"end":{"line":229,"column":8}},{"start":{"line":229,"column":8},"end":{"line":229,"column":8}}]},"5":{"line":242,"type":"if","locations":[{"start":{"line":242,"column":8},"end":{"line":242,"column":8}},{"start":{"line":242,"column":8},"end":{"line":242,"column":8}}]},"6":{"line":250,"type":"if","locations":[{"start":{"line":250,"column":8},"end":{"line":250,"column":8}},{"start":{"line":250,"column":8},"end":{"line":250,"column":8}}]},"7":{"line":256,"type":"if","locations":[{"start":{"line":256,"column":8},"end":{"line":256,"column":8}},{"start":{"line":256,"column":8},"end":{"line":256,"column":8}}]},"8":{"line":263,"type":"if","locations":[{"start":{"line":263,"column":8},"end":{"line":263,"column":8}},{"start":{"line":263,"column":8},"end":{"line":263,"column":8}}]},"9":{"line":269,"type":"if","locations":[{"start":{"line":269,"column":8},"end":{"line":269,"column":8}},{"start":{"line":269,"column":8},"end":{"line":269,"column":8}}]},"10":{"line":280,"type":"if","locations":[{"start":{"line":280,"column":8},"end":{"line":280,"column":8}},{"start":{"line":280,"column":8},"end":{"line":280,"column":8}}]},"11":{"line":288,"type":"if","locations":[{"start":{"line":288,"column":8},"end":{"line":288,"column":8}},{"start":{"line":288,"column":8},"end":{"line":288,"column":8}}]},"12":{"line":297,"type":"if","locations":[{"start":{"line":297,"column":8},"end":{"line":297,"column":8}},{"start":{"line":297,"column":8},"end":{"line":297,"column":8}}]},"13":{"line":312,"type":"if","locations":[{"start":{"line":312,"column":8},"end":{"line":312,"column":8}},{"start":{"line":312,"column":8},"end":{"line":312,"column":8}}]},"14":{"line":327,"type":"if","locations":[{"start":{"line":327,"column":8},"end":{"line":327,"column":8}},{"start":{"line":327,"column":8},"end":{"line":327,"column":8}}]},"15":{"line":328,"type":"if","locations":[{"start":{"line":328,"column":8},"end":{"line":328,"column":8}},{"start":{"line":328,"column":8},"end":{"line":328,"column":8}}]},"16":{"line":329,"type":"if","locations":[{"start":{"line":329,"column":8},"end":{"line":329,"column":8}},{"start":{"line":329,"column":8},"end":{"line":329,"column":8}}]},"17":{"line":335,"type":"if","locations":[{"start":{"line":335,"column":8},"end":{"line":335,"column":8}},{"start":{"line":335,"column":8},"end":{"line":335,"column":8}}]},"18":{"line":340,"type":"if","locations":[{"start":{"line":340,"column":8},"end":{"line":340,"column":8}},{"start":{"line":340,"column":8},"end":{"line":340,"column":8}}]},"19":{"line":356,"type":"if","locations":[{"start":{"line":356,"column":8},"end":{"line":356,"column":8}},{"start":{"line":356,"column":8},"end":{"line":356,"column":8}}]},"20":{"line":357,"type":"if","locations":[{"start":{"line":357,"column":12},"end":{"line":357,"column":12}},{"start":{"line":357,"column":12},"end":{"line":357,"column":12}}]},"21":{"line":361,"type":"if","locations":[{"start":{"line":361,"column":8},"end":{"line":361,"column":8}},{"start":{"line":361,"column":8},"end":{"line":361,"column":8}}]},"22":{"line":362,"type":"if","locations":[{"start":{"line":362,"column":8},"end":{"line":362,"column":8}},{"start":{"line":362,"column":8},"end":{"line":362,"column":8}}]},"23":{"line":368,"type":"if","locations":[{"start":{"line":368,"column":8},"end":{"line":368,"column":8}},{"start":{"line":368,"column":8},"end":{"line":368,"column":8}}]},"24":{"line":401,"type":"if","locations":[{"start":{"line":401,"column":8},"end":{"line":401,"column":8}},{"start":{"line":401,"column":8},"end":{"line":401,"column":8}}]},"25":{"line":415,"type":"if","locations":[{"start":{"line":415,"column":8},"end":{"line":415,"column":8}},{"start":{"line":415,"column":8},"end":{"line":415,"column":8}}]},"26":{"line":423,"type":"if","locations":[{"start":{"line":423,"column":40},"end":{"line":423,"column":48}},{"start":{"line":423,"column":52},"end":{"line":423,"column":61}}]},"27":{"line":428,"type":"if","locations":[{"start":{"line":428,"column":8},"end":{"line":428,"column":8}},{"start":{"line":428,"column":8},"end":{"line":428,"column":8}}]},"28":{"line":433,"type":"if","locations":[{"start":{"line":433,"column":45},"end":{"line":433,"column":45}},{"start":{"line":433,"column":49},"end":{"line":433,"column":49}}]}}}}